<?xml version="1.0" encoding="UTF-8"?>
<coverage generated="1715182997571" clover="3.2.0">
  <project timestamp="1715182997571" name="All files">
    <metrics statements="253" coveredstatements="238" conditionals="105" coveredconditionals="83" methods="48" coveredmethods="43" elements="406" coveredelements="364" complexity="0" loc="253" ncloc="253" packages="4" files="13" classes="13"/>
    <package name="components">
      <metrics statements="117" coveredstatements="114" conditionals="33" coveredconditionals="26" methods="16" coveredmethods="16"/>
      <file name="GameOverBanner.vue" path="C:\Users\micha\Desktop\boxBreakerVue-Pinia\src\components\GameOverBanner.vue">
        <metrics statements="18" coveredstatements="18" conditionals="0" coveredconditionals="0" methods="3" coveredmethods="3"/>
        <line num="3" count="1" type="stmt"/>
        <line num="6" count="1" type="stmt"/>
        <line num="7" count="1" type="stmt"/>
        <line num="8" count="1" type="stmt"/>
        <line num="17" count="2" type="stmt"/>
        <line num="18" count="2" type="stmt"/>
        <line num="19" count="2" type="stmt"/>
        <line num="20" count="2" type="stmt"/>
        <line num="21" count="2" type="stmt"/>
        <line num="26" count="2" type="stmt"/>
        <line num="30" count="2" type="stmt"/>
        <line num="34" count="2" type="stmt"/>
        <line num="38" count="1" type="stmt"/>
        <line num="39" count="1" type="stmt"/>
        <line num="40" count="1" type="stmt"/>
        <line num="42" count="2" type="stmt"/>
        <line num="49" count="1" type="stmt"/>
        <line num="50" count="1" type="stmt"/>
      </file>
      <file name="GridBox.vue" path="C:\Users\micha\Desktop\boxBreakerVue-Pinia\src\components\GridBox.vue">
        <metrics statements="37" coveredstatements="37" conditionals="12" coveredconditionals="10" methods="5" coveredmethods="5"/>
        <line num="3" count="1" type="stmt"/>
        <line num="6" count="1" type="stmt"/>
        <line num="7" count="1" type="stmt"/>
        <line num="8" count="1" type="stmt"/>
        <line num="9" count="1" type="stmt"/>
        <line num="10" count="1" type="stmt"/>
        <line num="11" count="1" type="stmt"/>
        <line num="12" count="1" type="stmt"/>
        <line num="21" count="40" type="stmt"/>
        <line num="22" count="40" type="stmt"/>
        <line num="23" count="40" type="stmt"/>
        <line num="24" count="40" type="stmt"/>
        <line num="25" count="40" type="stmt"/>
        <line num="26" count="40" type="stmt"/>
        <line num="27" count="40" type="stmt"/>
        <line num="28" count="40" type="stmt"/>
        <line num="29" count="40" type="stmt"/>
        <line num="30" count="40" type="stmt"/>
        <line num="31" count="40" type="stmt"/>
        <line num="32" count="40" type="cond" truecount="2" falsecount="0"/>
        <line num="34" count="40" type="stmt"/>
        <line num="35" count="40" type="cond" truecount="3" falsecount="1"/>
        <line num="36" count="40" type="stmt"/>
        <line num="37" count="40" type="cond" truecount="4" falsecount="0"/>
        <line num="38" count="36" type="stmt"/>
        <line num="40" count="4" type="cond" truecount="1" falsecount="1"/>
        <line num="43" count="40" type="stmt"/>
        <line num="44" count="40" type="stmt"/>
        <line num="52" count="40" type="stmt"/>
        <line num="64" count="40" type="stmt"/>
        <line num="68" count="40" type="stmt"/>
        <line num="72" count="1" type="stmt"/>
        <line num="73" count="1" type="stmt"/>
        <line num="74" count="1" type="stmt"/>
        <line num="76" count="40" type="stmt"/>
        <line num="81" count="1" type="stmt"/>
        <line num="82" count="1" type="stmt"/>
      </file>
      <file name="LeftNav.vue" path="C:\Users\micha\Desktop\boxBreakerVue-Pinia\src\components\LeftNav.vue">
        <metrics statements="16" coveredstatements="16" conditionals="0" coveredconditionals="0" methods="2" coveredmethods="2"/>
        <line num="3" count="1" type="stmt"/>
        <line num="6" count="1" type="stmt"/>
        <line num="7" count="1" type="stmt"/>
        <line num="16" count="1" type="stmt"/>
        <line num="17" count="1" type="stmt"/>
        <line num="18" count="1" type="stmt"/>
        <line num="19" count="1" type="stmt"/>
        <line num="23" count="1" type="stmt"/>
        <line num="27" count="1" type="stmt"/>
        <line num="28" count="1" type="stmt"/>
        <line num="29" count="1" type="stmt"/>
        <line num="30" count="1" type="stmt"/>
        <line num="31" count="1" type="stmt"/>
        <line num="33" count="1" type="stmt"/>
        <line num="42" count="1" type="stmt"/>
        <line num="43" count="1" type="stmt"/>
      </file>
      <file name="RightNav.vue" path="C:\Users\micha\Desktop\boxBreakerVue-Pinia\src\components\RightNav.vue">
        <metrics statements="46" coveredstatements="43" conditionals="21" coveredconditionals="16" methods="6" coveredmethods="6"/>
        <line num="3" count="1" type="stmt"/>
        <line num="6" count="1" type="stmt"/>
        <line num="7" count="1" type="stmt"/>
        <line num="8" count="1" type="stmt"/>
        <line num="11" count="6" type="stmt"/>
        <line num="12" count="6" type="stmt"/>
        <line num="13" count="6" type="stmt"/>
        <line num="14" count="6" type="stmt"/>
        <line num="15" count="7" type="cond" truecount="2" falsecount="0"/>
        <line num="16" count="5" type="stmt"/>
        <line num="17" count="5" type="stmt"/>
        <line num="18" count="75" type="cond" truecount="4" falsecount="1"/>
        <line num="19" count="75" type="cond" truecount="2" falsecount="2"/>
        <line num="20" count="0" type="stmt"/>
        <line num="21" count="0" type="stmt"/>
        <line num="22" count="0" type="stmt"/>
        <line num="24" count="75" type="cond" truecount="2" falsecount="0"/>
        <line num="25" count="1" type="stmt"/>
        <line num="26" count="1" type="stmt"/>
        <line num="28" count="75" type="stmt"/>
        <line num="31" count="6" type="stmt"/>
        <line num="32" count="5" type="cond" truecount="2" falsecount="0"/>
        <line num="33" count="2" type="stmt"/>
        <line num="34" count="2" type="cond" truecount="1" falsecount="1"/>
        <line num="35" count="2" type="stmt"/>
        <line num="36" count="2" type="stmt"/>
        <line num="37" count="2" type="stmt"/>
        <line num="40" count="6" type="stmt"/>
        <line num="41" count="9" type="stmt"/>
        <line num="42" count="9" type="cond" truecount="2" falsecount="0"/>
        <line num="43" count="5" type="stmt"/>
        <line num="44" count="4" type="cond" truecount="1" falsecount="1"/>
        <line num="45" count="9" type="stmt"/>
        <line num="47" count="6" type="stmt"/>
        <line num="53" count="6" type="stmt"/>
        <line num="57" count="6" type="stmt"/>
        <line num="61" count="1" type="stmt"/>
        <line num="62" count="1" type="stmt"/>
        <line num="63" count="1" type="stmt"/>
        <line num="64" count="1" type="stmt"/>
        <line num="65" count="1" type="stmt"/>
        <line num="71" count="1" type="stmt"/>
        <line num="77" count="1" type="stmt"/>
        <line num="85" count="6" type="stmt"/>
        <line num="107" count="1" type="stmt"/>
        <line num="108" count="1" type="stmt"/>
      </file>
    </package>
    <package name="constants">
      <metrics statements="4" coveredstatements="4" conditionals="0" coveredconditionals="0" methods="0" coveredmethods="0"/>
      <file name="constants.ts" path="C:\Users\micha\Desktop\boxBreakerVue-Pinia\src\constants\constants.ts">
        <metrics statements="4" coveredstatements="4" conditionals="0" coveredconditionals="0" methods="0" coveredmethods="0"/>
        <line num="1" count="9" type="stmt"/>
        <line num="2" count="9" type="stmt"/>
        <line num="4" count="9" type="stmt"/>
        <line num="5" count="9" type="stmt"/>
      </file>
    </package>
    <package name="modules">
      <metrics statements="78" coveredstatements="75" conditionals="28" coveredconditionals="25" methods="20" coveredmethods="19"/>
      <file name="boxPositionN.ts" path="C:\Users\micha\Desktop\boxBreakerVue-Pinia\src\modules\boxPositionN.ts">
        <metrics statements="2" coveredstatements="2" conditionals="0" coveredconditionals="0" methods="1" coveredmethods="1"/>
        <line num="1" count="9" type="stmt"/>
        <line num="2" count="63" type="stmt"/>
      </file>
      <file name="findRowColIndex.ts" path="C:\Users\micha\Desktop\boxBreakerVue-Pinia\src\modules\findRowColIndex.ts">
        <metrics statements="5" coveredstatements="5" conditionals="2" coveredconditionals="2" methods="2" coveredmethods="2"/>
        <line num="1" count="9" type="stmt"/>
        <line num="2" count="47" type="stmt"/>
        <line num="5" count="9" type="stmt"/>
        <line num="6" count="167" type="cond" truecount="2" falsecount="0"/>
        <line num="8" count="84" type="stmt"/>
      </file>
      <file name="floodFillFuncs.ts" path="C:\Users\micha\Desktop\boxBreakerVue-Pinia\src\modules\floodFillFuncs.ts">
        <metrics statements="39" coveredstatements="37" conditionals="20" coveredconditionals="18" methods="8" coveredmethods="7"/>
        <line num="6" count="1" type="stmt"/>
        <line num="7" count="1" type="stmt"/>
        <line num="9" count="1" type="stmt"/>
        <line num="11" count="1" type="stmt"/>
        <line num="13" count="1" type="cond" truecount="1" falsecount="1"/>
        <line num="14" count="268" type="stmt"/>
        <line num="15" count="1" type="stmt"/>
        <line num="16" count="60" type="stmt"/>
        <line num="17" count="60" type="stmt"/>
        <line num="18" count="60" type="stmt"/>
        <line num="25" count="371" type="cond" truecount="2" falsecount="0"/>
        <line num="28" count="349" type="cond" truecount="2" falsecount="0"/>
        <line num="31" count="340" type="cond" truecount="1" falsecount="1"/>
        <line num="34" count="340" type="cond" truecount="2" falsecount="0"/>
        <line num="37" count="330" type="cond" truecount="4" falsecount="0"/>
        <line num="39" count="92" type="stmt"/>
        <line num="41" count="92" type="stmt"/>
        <line num="45" count="92" type="stmt"/>
        <line num="48" count="92" type="stmt"/>
        <line num="51" count="92" type="stmt"/>
        <line num="54" count="92" type="stmt"/>
        <line num="59" count="2" type="stmt"/>
        <line num="63" count="2" type="stmt"/>
        <line num="64" count="0" type="stmt"/>
        <line num="65" count="0" type="stmt"/>
        <line num="68" count="2" type="stmt"/>
        <line num="69" count="20" type="stmt"/>
        <line num="70" count="360" type="cond" truecount="2" falsecount="0"/>
        <line num="71" count="290" type="stmt"/>
        <line num="72" count="290" type="cond" truecount="2" falsecount="0"/>
        <line num="73" count="1770" type="stmt"/>
        <line num="75" count="290" type="cond" truecount="2" falsecount="0"/>
        <line num="76" count="110" type="stmt"/>
        <line num="77" count="110" type="stmt"/>
        <line num="78" count="110" type="stmt"/>
        <line num="84" count="2" type="stmt"/>
        <line num="86" count="564" type="stmt"/>
        <line num="88" count="2" type="stmt"/>
        <line num="89" count="110" type="stmt"/>
      </file>
      <file name="generateInitialGrid.ts" path="C:\Users\micha\Desktop\boxBreakerVue-Pinia\src\modules\generateInitialGrid.ts">
        <metrics statements="8" coveredstatements="8" conditionals="2" coveredconditionals="2" methods="2" coveredmethods="2"/>
        <line num="5" count="9" type="stmt"/>
        <line num="6" count="1300" type="stmt"/>
        <line num="8" count="65" type="stmt"/>
        <line num="9" count="1300" type="stmt"/>
        <line num="10" count="13000" type="cond" truecount="2" falsecount="0"/>
        <line num="11" count="1300" type="stmt"/>
        <line num="12" count="1300" type="stmt"/>
        <line num="16" count="65" type="stmt"/>
      </file>
      <file name="generateNewLine.ts" path="C:\Users\micha\Desktop\boxBreakerVue-Pinia\src\modules\generateNewLine.ts">
        <metrics statements="5" coveredstatements="5" conditionals="0" coveredconditionals="0" methods="2" coveredmethods="2"/>
        <line num="4" count="9" type="stmt"/>
        <line num="5" count="39" type="stmt"/>
        <line num="6" count="390" type="stmt"/>
        <line num="7" count="390" type="stmt"/>
        <line num="9" count="39" type="stmt"/>
      </file>
      <file name="randomColor.ts" path="C:\Users\micha\Desktop\boxBreakerVue-Pinia\src\modules\randomColor.ts">
        <metrics statements="4" coveredstatements="4" conditionals="0" coveredconditionals="0" methods="1" coveredmethods="1"/>
        <line num="4" count="9" type="stmt"/>
        <line num="5" count="1711" type="stmt"/>
        <line num="6" count="1711" type="stmt"/>
        <line num="8" count="1711" type="stmt"/>
      </file>
      <file name="timeouts.ts" path="C:\Users\micha\Desktop\boxBreakerVue-Pinia\src\modules\timeouts.ts">
        <metrics statements="15" coveredstatements="14" conditionals="4" coveredconditionals="3" methods="4" coveredmethods="4"/>
        <line num="4" count="9" type="stmt"/>
        <line num="5" count="1" type="cond" truecount="2" falsecount="0"/>
        <line num="6" count="1" type="stmt"/>
        <line num="8" count="1" type="cond" truecount="1" falsecount="1"/>
        <line num="9" count="1" type="stmt"/>
        <line num="12" count="9" type="stmt"/>
        <line num="13" count="2" type="stmt"/>
        <line num="14" count="2" type="stmt"/>
        <line num="15" count="2" type="stmt"/>
        <line num="16" count="1" type="stmt"/>
        <line num="17" count="1" type="stmt"/>
        <line num="18" count="1" type="stmt"/>
        <line num="19" count="1" type="stmt"/>
        <line num="22" count="2" type="stmt"/>
        <line num="24" count="0" type="stmt"/>
      </file>
    </package>
    <package name="stores">
      <metrics statements="54" coveredstatements="45" conditionals="44" coveredconditionals="32" methods="12" coveredmethods="8"/>
      <file name="appStateStore.ts" path="C:\Users\micha\Desktop\boxBreakerVue-Pinia\src\stores\appStateStore.ts">
        <metrics statements="54" coveredstatements="45" conditionals="44" coveredconditionals="32" methods="12" coveredmethods="8"/>
        <line num="8" count="5" type="stmt"/>
        <line num="9" count="65" type="stmt"/>
        <line num="32" count="1" type="cond" truecount="1" falsecount="1"/>
        <line num="33" count="0" type="stmt"/>
        <line num="34" count="0" type="stmt"/>
        <line num="35" count="0" type="stmt"/>
        <line num="36" count="0" type="stmt"/>
        <line num="37" count="0" type="stmt"/>
        <line num="43" count="2" type="stmt"/>
        <line num="46" count="42" type="cond" truecount="2" falsecount="0"/>
        <line num="50" count="22" type="stmt"/>
        <line num="52" count="20" type="stmt"/>
        <line num="54" count="20" type="cond" truecount="2" falsecount="0"/>
        <line num="55" count="20" type="stmt"/>
        <line num="58" count="4" type="stmt"/>
        <line num="59" count="72" type="cond" truecount="1" falsecount="3"/>
        <line num="61" count="72" type="cond" truecount="2" falsecount="0"/>
        <line num="62" count="68" type="stmt"/>
        <line num="64" count="4" type="stmt"/>
        <line num="65" count="4" type="stmt"/>
        <line num="66" count="4" type="stmt"/>
        <line num="67" count="4" type="stmt"/>
        <line num="72" count="3" type="stmt"/>
        <line num="74" count="4" type="cond" truecount="2" falsecount="2"/>
        <line num="75" count="0" type="stmt"/>
        <line num="76" count="0" type="stmt"/>
        <line num="79" count="4" type="cond" truecount="2" falsecount="0"/>
        <line num="80" count="1" type="cond" truecount="1" falsecount="1"/>
        <line num="81" count="0" type="stmt"/>
        <line num="82" count="0" type="stmt"/>
        <line num="84" count="1" type="stmt"/>
        <line num="85" count="1" type="stmt"/>
        <line num="87" count="1" type="stmt"/>
        <line num="89" count="4" type="cond" truecount="2" falsecount="0"/>
        <line num="91" count="3" type="cond" truecount="2" falsecount="0"/>
        <line num="93" count="2" type="stmt"/>
        <line num="94" count="2" type="stmt"/>
        <line num="96" count="2" type="stmt"/>
        <line num="97" count="2" type="stmt"/>
        <line num="101" count="3" type="cond" truecount="2" falsecount="0"/>
        <line num="103" count="3" type="cond" truecount="1" falsecount="1"/>
        <line num="104" count="3" type="stmt"/>
        <line num="105" count="3" type="stmt"/>
        <line num="107" count="3" type="stmt"/>
        <line num="111" count="20" type="cond" truecount="2" falsecount="0"/>
        <line num="113" count="19" type="cond" truecount="1" falsecount="1"/>
        <line num="114" count="19" type="cond" truecount="1" falsecount="1"/>
        <line num="115" count="19" type="cond" truecount="1" falsecount="1"/>
        <line num="117" count="19" type="stmt"/>
        <line num="118" count="19" type="stmt"/>
        <line num="119" count="19" type="stmt"/>
        <line num="121" count="19" type="stmt"/>
        <line num="123" count="19" type="cond" truecount="1" falsecount="1"/>
        <line num="124" count="19" type="cond" truecount="2" falsecount="0"/>
      </file>
    </package>
  </project>
</coverage>
