{"C:\\Users\\micha\\Desktop\\boxBreakerVue-Pinia\\src\\components\\GameOverBanner.vue": {"path":"C:\\Users\\micha\\Desktop\\boxBreakerVue-Pinia\\src\\components\\GameOverBanner.vue","statementMap":{"0":{"start":{"line":3,"column":0},"end":{"line":5,"column":3}},"1":{"start":{"line":6,"column":12},"end":{"line":6,"column":26}},"2":{"start":{"line":7,"column":12},"end":{"line":7,"column":26}},"3":{"start":{"line":8,"column":0},"end":{"line":36,"column":3}},"4":{"start":{"line":17,"column":19},"end":{"line":17,"column":28}},"5":{"start":{"line":18,"column":4},"end":{"line":18,"column":15}},"6":{"start":{"line":19,"column":16},"end":{"line":19,"column":23}},"7":{"start":{"line":20,"column":19},"end":{"line":25,"column":6}},"8":{"start":{"line":21,"column":6},"end":{"line":24,"column":8}},"9":{"start":{"line":26,"column":23},"end":{"line":29,"column":5}},"10":{"start":{"line":30,"column":4},"end":{"line":33,"column":7}},"11":{"start":{"line":34,"column":4},"end":{"line":34,"column":24}},"12":{"start":{"line":38,"column":0},"end":{"line":38,"column":62}},"13":{"start":{"line":39,"column":0},"end":{"line":39,"column":24}},"14":{"start":{"line":40,"column":12},"end":{"line":40,"column":26}},"15":{"start":{"line":42,"column":4},"end":{"line":47,"column":55}},"16":{"start":{"line":49,"column":0},"end":{"line":49,"column":24}},"17":{"start":{"line":50,"column":1},"end":{"line":50,"column":48}}},"fnMap":{"0":{"name":"(anonymous_0)","decl":{"start":{"line":16,"column":9},"end":{"line":16,"column":10}},"loc":{"start":{"line":16,"column":32},"end":{"line":35,"column":3}},"line":16},"1":{"name":"(anonymous_1)","decl":{"start":{"line":20,"column":39},"end":{"line":20,"column":40}},"loc":{"start":{"line":20,"column":51},"end":{"line":25,"column":5}},"line":20},"2":{"name":"render","decl":{"start":{"line":41,"column":9},"end":{"line":41,"column":15}},"loc":{"start":{"line":41,"column":63},"end":{"line":48,"column":1}},"line":41}},"branchMap":{},"s":{"0":1,"1":1,"2":1,"3":1,"4":2,"5":2,"6":2,"7":2,"8":2,"9":2,"10":2,"11":2,"12":1,"13":1,"14":1,"15":2,"16":1,"17":1},"f":{"0":2,"1":2,"2":2},"b":{},"inputSourceMap":{"0":"{","1":"\"","2":"v","3":"e","4":"r","5":"s","6":"i","7":"o","8":"n","9":"\"","10":":","11":"3","12":",","13":"\"","14":"s","15":"o","16":"u","17":"r","18":"c","19":"e","20":"s","21":"\"","22":":","23":"[","24":"\"","25":"C","26":":","27":"/","28":"U","29":"s","30":"e","31":"r","32":"s","33":"/","34":"m","35":"i","36":"c","37":"h","38":"a","39":"/","40":"D","41":"e","42":"s","43":"k","44":"t","45":"o","46":"p","47":"/","48":"b","49":"o","50":"x","51":"B","52":"r","53":"e","54":"a","55":"k","56":"e","57":"r","58":"V","59":"u","60":"e","61":"-","62":"P","63":"i","64":"n","65":"i","66":"a","67":"/","68":"s","69":"r","70":"c","71":"/","72":"c","73":"o","74":"m","75":"p","76":"o","77":"n","78":"e","79":"n","80":"t","81":"s","82":"/","83":"G","84":"a","85":"m","86":"e","87":"O","88":"v","89":"e","90":"r","91":"B","92":"a","93":"n","94":"n","95":"e","96":"r","97":".","98":"v","99":"u","100":"e","101":"\"","102":"]","103":",","104":"\"","105":"n","106":"a","107":"m","108":"e","109":"s","110":"\"","111":":","112":"[","113":"]","114":",","115":"\"","116":"m","117":"a","118":"p","119":"p","120":"i","121":"n","122":"g","123":"s","124":"\"","125":":","126":"\"","127":";","128":";","129":"A","130":"A","131":"O","132":"A","133":",","134":"M","135":"A","136":"A","137":"M","138":",","139":"C","140":"A","141":"A","142":"C","143":",","144":"c","145":"A","146":"A","147":"c","148":",","149":"C","150":"A","151":"A","152":"C","153":",","154":"O","155":"A","156":"A","157":"O","158":",","159":"E","160":"A","161":"A","162":"E","163":",","164":"Y","165":"A","166":"A","167":"Y","168":",","169":"E","170":"A","171":"A","172":"E","173":";","174":"E","175":"A","176":"A","177":"E","178":",","179":"K","180":"A","181":"A","182":"K","183":",","184":"E","185":"A","186":"A","187":"E","188":";","189":"A","190":"A","191":"A","192":"K","193":",","194":"C","195":"A","196":"A","197":"C","198":",","199":"C","200":"A","201":"A","202":"C","203":";","204":";","205":";","206":";","207":";","208":";","209":";","210":";","211":";","212":";","213":";","214":";","215":"I","216":"A","217":"D","218":"r","219":"D","220":",","221":"I","222":"A","223":"A","224":"I","225":",","226":"Q","227":"A","228":"A","229":"Q","230":",","231":"G","232":"A","233":"A","234":"G","235":",","236":"E","237":"A","238":"A","239":"E","240":",","241":"C","242":"A","243":"A","244":"C","245":",","246":"M","247":"A","248":"A","249":"M","250":";","251":"I","252":"A","253":"E","254":"x","255":"B","256":",","257":"Q","258":"A","259":"A","260":"Q","261":",","262":"C","263":"A","264":"A","265":"C","266":",","267":"C","268":"A","269":"A","270":"C","271":";","272":"I","273":"A","274":"C","275":"V","276":",","277":"I","278":"A","279":"A","280":"I","281":",","282":"K","283":"A","284":"A","285":"K","286":",","287":"G","288":"A","289":"A","290":"G","291":",","292":"O","293":"A","294":"A","295":"O","296":";","297":"I","298":"A","299":"C","300":"n","301":"B","302":",","303":"I","304":"A","305":"A","306":"I","307":",","308":"Q","309":"A","310":"A","311":"Q","312":",","313":"G","314":"A","315":"A","316":"G","317":",","318":"C","319":"A","320":"A","321":"C","322":",","323":"C","324":"A","325":"A","326":"C","327":",","328":"E","329":"A","330":"A","331":"E","332":",","333":"K","334":"A","335":"A","336":"K","337":",","338":"C","339":"A","340":"A","341":"C","342":",","343":"Q","344":"A","345":"A","346":"Q","347":",","348":"E","349":"A","350":"A","351":"E","352":",","353":"Y","354":"A","355":"A","356":"Y","357":";","358":"M","359":"A","360":"A","361":"E","362":",","363":"O","364":"A","365":"A","366":"Q","367":";","368":"Q","369":"A","370":"C","371":"r","372":"D","373":",","374":"a","375":"A","376":"A","377":"a","378":",","379":"E","380":"A","381":"A","382":"E","383":",","384":"K","385":"A","386":"A","387":"K","388":",","389":"C","390":"A","391":"A","392":"C","393":",","394":"U","395":"A","396":"A","397":"U","398":";","399":"Q","400":"A","401":"C","402":"/","403":"B","404":",","405":"S","406":"A","407":"A","408":"S","409":",","410":"E","411":"A","412":"A","413":"E","414":",","415":"C","416":"A","417":"A","418":"C","419":",","420":"K","421":"A","422":"A","423":"K","424":",","425":"C","426":"A","427":"A","428":"C","429":";","430":"M","431":"A","432":"C","433":"t","434":"B","435":",","436":"C","437":"A","438":"A","439":"C","440":";","441":"I","442":"A","443":"A","444":"G","445":",","446":"C","447":"A","448":"A","449":"C","450":",","451":"C","452":"A","453":"A","454":"C","455":"\"","456":",","457":"\"","458":"f","459":"i","460":"l","461":"e","462":"\"","463":":","464":"\"","465":"C","466":":","467":"\\","468":"\\","469":"U","470":"s","471":"e","472":"r","473":"s","474":"\\","475":"\\","476":"m","477":"i","478":"c","479":"h","480":"a","481":"\\","482":"\\","483":"D","484":"e","485":"s","486":"k","487":"t","488":"o","489":"p","490":"\\","491":"\\","492":"b","493":"o","494":"x","495":"B","496":"r","497":"e","498":"a","499":"k","500":"e","501":"r","502":"V","503":"u","504":"e","505":"-","506":"P","507":"i","508":"n","509":"i","510":"a","511":"\\","512":"\\","513":"s","514":"r","515":"c","516":"\\","517":"\\","518":"c","519":"o","520":"m","521":"p","522":"o","523":"n","524":"e","525":"n","526":"t","527":"s","528":"\\","529":"\\","530":"G","531":"a","532":"m","533":"e","534":"O","535":"v","536":"e","537":"r","538":"B","539":"a","540":"n","541":"n","542":"e","543":"r","544":".","545":"v","546":"u","547":"e","548":"\"","549":",","550":"\"","551":"s","552":"o","553":"u","554":"r","555":"c","556":"e","557":"s","558":"C","559":"o","560":"n","561":"t","562":"e","563":"n","564":"t","565":"\"","566":":","567":"[","568":"\"","569":"<","570":"t","571":"e","572":"m","573":"p","574":"l","575":"a","576":"t","577":"e","578":">","579":"\\","580":"r","581":"\\","582":"n","583":" ","584":" ","585":" ","586":" ","587":"<","588":"h","589":"1","590":" ","591":":","592":"c","593":"l","594":"a","595":"s","596":"s","597":"=","598":"\\","599":"\"","600":"s","601":"t","602":"y","603":"l","604":"e","605":"O","606":"b","607":"j","608":"\\","609":"\"","610":">","611":"G","612":"A","613":"M","614":"E","615":" ","616":"O","617":"V","618":"E","619":"R","620":"<","621":"/","622":"b","623":"r","624":">","625":"!","626":"!","627":"!","628":"<","629":"/","630":"h","631":"1","632":">","633":"\\","634":"r","635":"\\","636":"n","637":" ","638":" ","639":" ","640":" ","641":"<","642":"!","643":"-","644":"-","645":" ","646":"<","647":"h","648":"1","649":" ","650":":","651":"c","652":"l","653":"a","654":"s","655":"s","656":"=","657":"\\","658":"\"","659":"{","660":"'","661":"h","662":"1","663":"-","664":"b","665":"l","666":"i","667":"n","668":"k","669":"i","670":"n","671":"g","672":"'","673":":","674":" ","675":"i","676":"s","677":"G","678":"a","679":"m","680":"e","681":"O","682":"v","683":"e","684":"r","685":"}","686":"\\","687":"\"","688":">","689":"G","690":"A","691":"M","692":"E","693":" ","694":"O","695":"V","696":"E","697":"R","698":"<","699":"/","700":"b","701":"r","702":">","703":"!","704":"!","705":"!","706":"<","707":"/","708":"h","709":"1","710":">","711":"\\","712":"r","713":"\\","714":"n","715":" ","716":" ","717":" ","718":" ","719":"<","720":"h","721":"1","722":" ","723":":","724":"c","725":"l","726":"a","727":"s","728":"s","729":"=","730":"\\","731":"\"","732":"c","733":"l","734":"a","735":"s","736":"s","737":"e","738":"s","739":"C","740":"o","741":"m","742":"p","743":"u","744":"t","745":"e","746":"d","747":"\\","748":"\"","749":">","750":"G","751":"A","752":"M","753":"E","754":" ","755":"O","756":"V","757":"E","758":"R","759":"<","760":"/","761":"b","762":"r","763":">","764":"!","765":"!","766":"!","767":"<","768":"/","769":"h","770":"1","771":">","772":" ","773":"-","774":"-","775":">","776":"\\","777":"r","778":"\\","779":"n","780":"<","781":"/","782":"t","783":"e","784":"m","785":"p","786":"l","787":"a","788":"t","789":"e","790":">","791":"\\","792":"r","793":"\\","794":"n","795":"\\","796":"r","797":"\\","798":"n","799":"<","800":"s","801":"c","802":"r","803":"i","804":"p","805":"t","806":" ","807":"s","808":"e","809":"t","810":"u","811":"p","812":" ","813":"l","814":"a","815":"n","816":"g","817":"=","818":"\\","819":"\"","820":"t","821":"s","822":"\\","823":"\"","824":">","825":"\\","826":"r","827":"\\","828":"n","829":"i","830":"m","831":"p","832":"o","833":"r","834":"t","835":" ","836":"{","837":" ","838":"c","839":"o","840":"m","841":"p","842":"u","843":"t","844":"e","845":"d","846":" ","847":"}","848":" ","849":"f","850":"r","851":"o","852":"m","853":" ","854":"'","855":"v","856":"u","857":"e","858":"'","859":";","860":"\\","861":"r","862":"\\","863":"n","864":"c","865":"o","866":"n","867":"s","868":"t","869":" ","870":"p","871":"r","872":"o","873":"p","874":"s","875":" ","876":"=","877":" ","878":"d","879":"e","880":"f","881":"i","882":"n","883":"e","884":"P","885":"r","886":"o","887":"p","888":"s","889":"<","890":"{","891":" ","892":"i","893":"s","894":"G","895":"a","896":"m","897":"e","898":"O","899":"v","900":"e","901":"r","902":":","903":" ","904":"b","905":"o","906":"o","907":"l","908":"e","909":"a","910":"n","911":" ","912":"}","913":">","914":"(","915":")","916":"\\","917":"r","918":"\\","919":"n","920":"\\","921":"r","922":"\\","923":"n","924":"c","925":"o","926":"n","927":"s","928":"t","929":" ","930":"s","931":"t","932":"y","933":"l","934":"e","935":"O","936":"b","937":"j","938":" ","939":"=","940":" ","941":"c","942":"o","943":"m","944":"p","945":"u","946":"t","947":"e","948":"d","949":"(","950":"(","951":")","952":" ","953":"=","954":">","955":" ","956":"(","957":"{","958":"\\","959":"r","960":"\\","961":"n","962":" ","963":" ","964":" ","965":" ","966":"'","967":"h","968":"1","969":"-","970":"b","971":"l","972":"i","973":"n","974":"k","975":"i","976":"n","977":"g","978":"'","979":":","980":" ","981":"p","982":"r","983":"o","984":"p","985":"s","986":".","987":"i","988":"s","989":"G","990":"a","991":"m","992":"e","993":"O","994":"v","995":"e","996":"r","997":",","998":"\\","999":"r","1000":"\\","1001":"n","1002":" ","1003":" ","1004":" ","1005":" ","1006":"'","1007":"h","1008":"1","1009":"-","1010":"n","1011":"o","1012":"n","1013":"e","1014":"'","1015":":","1016":" ","1017":"!","1018":"p","1019":"r","1020":"o","1021":"p","1022":"s","1023":".","1024":"i","1025":"s","1026":"G","1027":"a","1028":"m","1029":"e","1030":"O","1031":"v","1032":"e","1033":"r","1034":"\\","1035":"r","1036":"\\","1037":"n","1038":"}","1039":")","1040":")","1041":"\\","1042":"r","1043":"\\","1044":"n","1045":"<","1046":"/","1047":"s","1048":"c","1049":"r","1050":"i","1051":"p","1052":"t","1053":">","1054":"\\","1055":"r","1056":"\\","1057":"n","1058":"\\","1059":"r","1060":"\\","1061":"n","1062":"<","1063":"s","1064":"t","1065":"y","1066":"l","1067":"e","1068":" ","1069":"s","1070":"c","1071":"o","1072":"p","1073":"e","1074":"d","1075":">","1076":"\\","1077":"r","1078":"\\","1079":"n","1080":".","1081":"h","1082":"1","1083":"-","1084":"n","1085":"o","1086":"n","1087":"e","1088":" ","1089":"{","1090":"\\","1091":"r","1092":"\\","1093":"n","1094":" ","1095":" ","1096":" ","1097":" ","1098":"d","1099":"i","1100":"s","1101":"p","1102":"l","1103":"a","1104":"y","1105":":","1106":" ","1107":"n","1108":"o","1109":"n","1110":"e","1111":";","1112":"\\","1113":"r","1114":"\\","1115":"n","1116":"}","1117":"\\","1118":"r","1119":"\\","1120":"n","1121":"\\","1122":"r","1123":"\\","1124":"n","1125":".","1126":"h","1127":"1","1128":"-","1129":"b","1130":"l","1131":"i","1132":"n","1133":"k","1134":"i","1135":"n","1136":"g","1137":" ","1138":"{","1139":"\\","1140":"r","1141":"\\","1142":"n","1143":" ","1144":" ","1145":" ","1146":" ","1147":"b","1148":"a","1149":"c","1150":"k","1151":"g","1152":"r","1153":"o","1154":"u","1155":"n","1156":"d","1157":"-","1158":"c","1159":"o","1160":"l","1161":"o","1162":"r","1163":":","1164":" ","1165":"n","1166":"o","1167":"n","1168":"e","1169":";","1170":"\\","1171":"r","1172":"\\","1173":"n","1174":" ","1175":" ","1176":" ","1177":" ","1178":"d","1179":"i","1180":"s","1181":"p","1182":"l","1183":"a","1184":"y","1185":":","1186":" ","1187":"b","1188":"l","1189":"o","1190":"c","1191":"k","1192":";","1193":"\\","1194":"r","1195":"\\","1196":"n","1197":" ","1198":" ","1199":" ","1200":" ","1201":"a","1202":"n","1203":"i","1204":"m","1205":"a","1206":"t","1207":"i","1208":"o","1209":"n","1210":":","1211":" ","1212":"b","1213":"l","1214":"i","1215":"n","1216":"k","1217":" ","1218":"1","1219":"s","1220":" ","1221":"l","1222":"i","1223":"n","1224":"e","1225":"a","1226":"r","1227":" ","1228":"i","1229":"n","1230":"f","1231":"i","1232":"n","1233":"i","1234":"t","1235":"e","1236":";","1237":"\\","1238":"r","1239":"\\","1240":"n","1241":" ","1242":" ","1243":" ","1244":" ","1245":"p","1246":"o","1247":"s","1248":"i","1249":"t","1250":"i","1251":"o","1252":"n","1253":":","1254":" ","1255":"a","1256":"b","1257":"s","1258":"o","1259":"l","1260":"u","1261":"t","1262":"e","1263":";","1264":"\\","1265":"r","1266":"\\","1267":"n","1268":" ","1269":" ","1270":" ","1271":" ","1272":"t","1273":"o","1274":"p","1275":":","1276":" ","1277":"3","1278":"0","1279":"%","1280":";","1281":"\\","1282":"r","1283":"\\","1284":"n","1285":" ","1286":" ","1287":" ","1288":" ","1289":"l","1290":"e","1291":"f","1292":"t","1293":":","1294":" ","1295":"5","1296":"0","1297":"%","1298":";","1299":"\\","1300":"r","1301":"\\","1302":"n","1303":" ","1304":" ","1305":" ","1306":" ","1307":"t","1308":"r","1309":"a","1310":"n","1311":"s","1312":"f","1313":"o","1314":"r","1315":"m","1316":":","1317":" ","1318":"t","1319":"r","1320":"a","1321":"n","1322":"s","1323":"l","1324":"a","1325":"t","1326":"e","1327":"(","1328":"-","1329":"5","1330":"0","1331":"%","1332":",","1333":" ","1334":"-","1335":"5","1336":"0","1337":"%","1338":")","1339":";","1340":"\\","1341":"r","1342":"\\","1343":"n","1344":" ","1345":" ","1346":" ","1347":" ","1348":"z","1349":"-","1350":"i","1351":"n","1352":"d","1353":"e","1354":"x","1355":":","1356":" ","1357":"9","1358":"9","1359":";","1360":"\\","1361":"r","1362":"\\","1363":"n","1364":"\\","1365":"r","1366":"\\","1367":"n","1368":" ","1369":" ","1370":" ","1371":" ","1372":"f","1373":"o","1374":"n","1375":"t","1376":"-","1377":"s","1378":"i","1379":"z","1380":"e","1381":":","1382":" ","1383":"4","1384":"e","1385":"m","1386":";","1387":"\\","1388":"r","1389":"\\","1390":"n","1391":" ","1392":" ","1393":" ","1394":" ","1395":"t","1396":"e","1397":"x","1398":"t","1399":"-","1400":"a","1401":"l","1402":"i","1403":"g","1404":"n","1405":":","1406":" ","1407":"c","1408":"e","1409":"n","1410":"t","1411":"e","1412":"r","1413":";","1414":"\\","1415":"r","1416":"\\","1417":"n","1418":"}","1419":"\\","1420":"r","1421":"\\","1422":"n","1423":"\\","1424":"r","1425":"\\","1426":"n","1427":"@","1428":"m","1429":"e","1430":"d","1431":"i","1432":"a","1433":" ","1434":"(","1435":"m","1436":"a","1437":"x","1438":"-","1439":"h","1440":"e","1441":"i","1442":"g","1443":"h","1444":"t","1445":":","1446":" ","1447":"9","1448":"0","1449":"0","1450":"p","1451":"x","1452":")","1453":" ","1454":"{","1455":"\\","1456":"r","1457":"\\","1458":"n","1459":" ","1460":" ","1461":" ","1462":" ","1463":".","1464":"h","1465":"1","1466":"-","1467":"b","1468":"l","1469":"i","1470":"n","1471":"k","1472":"i","1473":"n","1474":"g","1475":" ","1476":"{","1477":"\\","1478":"r","1479":"\\","1480":"n","1481":" ","1482":" ","1483":" ","1484":" ","1485":" ","1486":" ","1487":" ","1488":" ","1489":"f","1490":"o","1491":"n","1492":"t","1493":"-","1494":"s","1495":"i","1496":"z","1497":"e","1498":":","1499":" ","1500":"3","1501":"e","1502":"m","1503":";","1504":"\\","1505":"r","1506":"\\","1507":"n","1508":" ","1509":" ","1510":" ","1511":" ","1512":"}","1513":"\\","1514":"r","1515":"\\","1516":"n","1517":"}","1518":"\\","1519":"r","1520":"\\","1521":"n","1522":"\\","1523":"r","1524":"\\","1525":"n","1526":"@","1527":"k","1528":"e","1529":"y","1530":"f","1531":"r","1532":"a","1533":"m","1534":"e","1535":"s","1536":" ","1537":"b","1538":"l","1539":"i","1540":"n","1541":"k","1542":" ","1543":"{","1544":"\\","1545":"r","1546":"\\","1547":"n","1548":" ","1549":" ","1550":" ","1551":" ","1552":"5","1553":"0","1554":"%","1555":" ","1556":"{","1557":"\\","1558":"r","1559":"\\","1560":"n","1561":" ","1562":" ","1563":" ","1564":" ","1565":" ","1566":" ","1567":" ","1568":" ","1569":"o","1570":"p","1571":"a","1572":"c","1573":"i","1574":"t","1575":"y","1576":":","1577":" ","1578":"0","1579":";","1580":"\\","1581":"r","1582":"\\","1583":"n","1584":" ","1585":" ","1586":" ","1587":" ","1588":"}","1589":"\\","1590":"r","1591":"\\","1592":"n","1593":"}","1594":"\\","1595":"r","1596":"\\","1597":"n","1598":"<","1599":"/","1600":"s","1601":"t","1602":"y","1603":"l","1604":"e","1605":">","1606":"\\","1607":"r","1608":"\\","1609":"n","1610":"\"","1611":"]","1612":"}"},"_coverageSchema":"1a1c01bbd47fc00a2c39e90264f33305004495a9","hash":"71fc608c1eb56ac653fe7368b970f55c04506efc"}
,"C:\\Users\\micha\\Desktop\\boxBreakerVue-Pinia\\src\\components\\GridBox.vue": {"path":"C:\\Users\\micha\\Desktop\\boxBreakerVue-Pinia\\src\\components\\GridBox.vue","statementMap":{"0":{"start":{"line":3,"column":0},"end":{"line":5,"column":3}},"1":{"start":{"line":6,"column":12},"end":{"line":6,"column":26}},"2":{"start":{"line":7,"column":12},"end":{"line":7,"column":26}},"3":{"start":{"line":8,"column":14},"end":{"line":8,"column":30}},"4":{"start":{"line":9,"column":22},"end":{"line":9,"column":56}},"5":{"start":{"line":10,"column":18},"end":{"line":10,"column":49}},"6":{"start":{"line":11,"column":18},"end":{"line":11,"column":51}},"7":{"start":{"line":12,"column":0},"end":{"line":70,"column":3}},"8":{"start":{"line":21,"column":19},"end":{"line":21,"column":28}},"9":{"start":{"line":22,"column":4},"end":{"line":22,"column":15}},"10":{"start":{"line":23,"column":16},"end":{"line":23,"column":23}},"11":{"start":{"line":24,"column":16},"end":{"line":24,"column":55}},"12":{"start":{"line":25,"column":13},"end":{"line":25,"column":44}},"13":{"start":{"line":26,"column":24},"end":{"line":26,"column":42}},"14":{"start":{"line":27,"column":23},"end":{"line":27,"column":40}},"15":{"start":{"line":28,"column":19},"end":{"line":28,"column":32}},"16":{"start":{"line":29,"column":18},"end":{"line":29,"column":30}},"17":{"start":{"line":30,"column":18},"end":{"line":30,"column":30}},"18":{"start":{"line":31,"column":18},"end":{"line":33,"column":6}},"19":{"start":{"line":32,"column":6},"end":{"line":32,"column":117}},"20":{"start":{"line":34,"column":14},"end":{"line":42,"column":6}},"21":{"start":{"line":35,"column":6},"end":{"line":35,"column":67}},"22":{"start":{"line":35,"column":44},"end":{"line":35,"column":67}},"23":{"start":{"line":36,"column":25},"end":{"line":36,"column":118}},"24":{"start":{"line":37,"column":6},"end":{"line":41,"column":7}},"25":{"start":{"line":38,"column":8},"end":{"line":38,"column":37}},"26":{"start":{"line":40,"column":8},"end":{"line":40,"column":115}},"27":{"start":{"line":43,"column":22},"end":{"line":51,"column":6}},"28":{"start":{"line":44,"column":6},"end":{"line":50,"column":8}},"29":{"start":{"line":52,"column":23},"end":{"line":63,"column":5}},"30":{"start":{"line":64,"column":4},"end":{"line":67,"column":7}},"31":{"start":{"line":68,"column":4},"end":{"line":68,"column":24}},"32":{"start":{"line":72,"column":0},"end":{"line":72,"column":62}},"33":{"start":{"line":73,"column":0},"end":{"line":73,"column":24}},"34":{"start":{"line":74,"column":12},"end":{"line":74,"column":26}},"35":{"start":{"line":76,"column":4},"end":{"line":79,"column":36}},"36":{"start":{"line":81,"column":0},"end":{"line":81,"column":24}},"37":{"start":{"line":82,"column":1},"end":{"line":82,"column":48}}},"fnMap":{"0":{"name":"(anonymous_0)","decl":{"start":{"line":20,"column":9},"end":{"line":20,"column":10}},"loc":{"start":{"line":20,"column":32},"end":{"line":69,"column":3}},"line":20},"1":{"name":"(anonymous_1)","decl":{"start":{"line":31,"column":38},"end":{"line":31,"column":39}},"loc":{"start":{"line":31,"column":50},"end":{"line":33,"column":5}},"line":31},"2":{"name":"(anonymous_2)","decl":{"start":{"line":34,"column":34},"end":{"line":34,"column":35}},"loc":{"start":{"line":34,"column":46},"end":{"line":42,"column":5}},"line":34},"3":{"name":"(anonymous_3)","decl":{"start":{"line":43,"column":42},"end":{"line":43,"column":43}},"loc":{"start":{"line":43,"column":54},"end":{"line":51,"column":5}},"line":43},"4":{"name":"render","decl":{"start":{"line":75,"column":9},"end":{"line":75,"column":15}},"loc":{"start":{"line":75,"column":63},"end":{"line":80,"column":1}},"line":75}},"branchMap":{"0":{"loc":{"start":{"line":32,"column":13},"end":{"line":32,"column":116}},"type":"binary-expr","locations":[{"start":{"line":32,"column":13},"end":{"line":32,"column":71}},{"start":{"line":32,"column":75},"end":{"line":32,"column":116}}],"line":32},"1":{"loc":{"start":{"line":35,"column":6},"end":{"line":35,"column":67}},"type":"if","locations":[{"start":{"line":35,"column":6},"end":{"line":35,"column":67}},{"start":{},"end":{}}],"line":35},"2":{"loc":{"start":{"line":35,"column":10},"end":{"line":35,"column":42}},"type":"binary-expr","locations":[{"start":{"line":35,"column":10},"end":{"line":35,"column":23}},{"start":{"line":35,"column":27},"end":{"line":35,"column":42}}],"line":35},"3":{"loc":{"start":{"line":37,"column":6},"end":{"line":41,"column":7}},"type":"if","locations":[{"start":{"line":37,"column":6},"end":{"line":41,"column":7}},{"start":{"line":39,"column":13},"end":{"line":41,"column":7}}],"line":37},"4":{"loc":{"start":{"line":37,"column":10},"end":{"line":37,"column":69}},"type":"binary-expr","locations":[{"start":{"line":37,"column":10},"end":{"line":37,"column":31}},{"start":{"line":37,"column":35},"end":{"line":37,"column":69}}],"line":37},"5":{"loc":{"start":{"line":40,"column":15},"end":{"line":40,"column":114}},"type":"binary-expr","locations":[{"start":{"line":40,"column":15},"end":{"line":40,"column":108}},{"start":{"line":40,"column":112},"end":{"line":40,"column":114}}],"line":40}},"s":{"0":1,"1":1,"2":1,"3":1,"4":1,"5":1,"6":1,"7":1,"8":40,"9":40,"10":40,"11":40,"12":40,"13":40,"14":40,"15":40,"16":40,"17":40,"18":40,"19":40,"20":40,"21":40,"22":0,"23":40,"24":40,"25":36,"26":4,"27":40,"28":40,"29":40,"30":40,"31":40,"32":1,"33":1,"34":1,"35":40,"36":1,"37":1},"f":{"0":40,"1":40,"2":40,"3":40,"4":40},"b":{"0":[40,20],"1":[0,40],"2":[40,1],"3":[36,4],"4":[40,4],"5":[4,0]},"inputSourceMap":{"0":"{","1":"\"","2":"v","3":"e","4":"r","5":"s","6":"i","7":"o","8":"n","9":"\"","10":":","11":"3","12":",","13":"\"","14":"s","15":"o","16":"u","17":"r","18":"c","19":"e","20":"s","21":"\"","22":":","23":"[","24":"\"","25":"C","26":":","27":"/","28":"U","29":"s","30":"e","31":"r","32":"s","33":"/","34":"m","35":"i","36":"c","37":"h","38":"a","39":"/","40":"D","41":"e","42":"s","43":"k","44":"t","45":"o","46":"p","47":"/","48":"b","49":"o","50":"x","51":"B","52":"r","53":"e","54":"a","55":"k","56":"e","57":"r","58":"V","59":"u","60":"e","61":"-","62":"P","63":"i","64":"n","65":"i","66":"a","67":"/","68":"s","69":"r","70":"c","71":"/","72":"c","73":"o","74":"m","75":"p","76":"o","77":"n","78":"e","79":"n","80":"t","81":"s","82":"/","83":"G","84":"r","85":"i","86":"d","87":"B","88":"o","89":"x","90":".","91":"v","92":"u","93":"e","94":"\"","95":"]","96":",","97":"\"","98":"n","99":"a","100":"m","101":"e","102":"s","103":"\"","104":":","105":"[","106":"]","107":",","108":"\"","109":"m","110":"a","111":"p","112":"p","113":"i","114":"n","115":"g","116":"s","117":"\"","118":":","119":"\"","120":";","121":";","122":"A","123":"A","124":"M","125":"A","126":",","127":"M","128":"A","129":"A","130":"M","131":",","132":"C","133":"A","134":"A","135":"C","136":",","137":"c","138":"A","139":"A","140":"c","141":",","142":"C","143":"A","144":"A","145":"C","146":",","147":"O","148":"A","149":"A","150":"O","151":",","152":"E","153":"A","154":"A","155":"E","156":",","157":"Y","158":"A","159":"A","160":"Y","161":",","162":"E","163":"A","164":"A","165":"E","166":";","167":"E","168":"A","169":"A","170":"E","171":",","172":"K","173":"A","174":"A","175":"K","176":",","177":"E","178":"A","179":"A","180":"E","181":";","182":"A","183":"A","184":"A","185":"K","186":",","187":"C","188":"A","189":"A","190":"C","191":",","192":"C","193":"A","194":"A","195":"C","196":";","197":"A","198":"A","199":"C","200":"7","201":"D","202":",","203":"I","204":"A","205":"A","206":"I","207":",","208":"K","209":"A","210":"A","211":"K","212":",","213":"G","214":"A","215":"A","216":"G","217":",","218":"O","219":"A","220":"A","221":"O","222":",","223":"C","224":"A","225":"A","226":"C","227":",","228":"K","229":"A","230":"A","231":"K","232":",","233":"C","234":"A","235":"A","236":"C","237":";","238":"A","239":"A","240":"C","241":"1","242":"B","243":",","244":"I","245":"A","246":"A","247":"I","248":",","249":"K","250":"A","251":"A","252":"K","253":",","254":"G","255":"A","256":"A","257":"G","258":",","259":"O","260":"A","261":"A","262":"O","263":",","264":"C","265":"A","266":"A","267":"C","268":",","269":"K","270":"A","271":"A","272":"K","273":",","274":"C","275":"A","276":"A","277":"C","278":";","279":"A","280":"A","281":"C","282":"1","283":"B","284":",","285":"I","286":"A","287":"A","288":"I","289":",","290":"O","291":"A","292":"A","293":"O","294":",","295":"G","296":"A","297":"A","298":"G","299":",","300":"O","301":"A","302":"A","303":"O","304":",","305":"C","306":"A","307":"A","308":"C","309":",","310":"O","311":"A","312":"A","313":"O","314":",","315":"C","316":"A","317":"A","318":"C","319":";","320":"A","321":"A","322":"C","323":"9","324":"B","325":",","326":"I","327":"A","328":"A","329":"I","330":",","331":"e","332":"A","333":"A","334":"e","335":",","336":"G","337":"A","338":"A","339":"G","340":",","341":"O","342":"A","343":"A","344":"O","345":",","346":"C","347":"A","348":"A","349":"C","350":",","351":"y","352":"B","353":"A","354":"A","355":"y","356":"B","357":",","358":"C","359":"A","360":"A","361":"C","362":";","363":";","364":";","365":";","366":";","367":";","368":";","369":";","370":";","371":";","372":";","373":";","374":"I","375":"A","376":"L","377":"h","378":"D","379":",","380":"I","381":"A","382":"A","383":"I","384":",","385":"Q","386":"A","387":"A","388":"Q","389":",","390":"G","391":"A","392":"A","393":"G","394":",","395":"E","396":"A","397":"A","398":"E","399":",","400":"C","401":"A","402":"A","403":"C","404":",","405":"M","406":"A","407":"A","408":"M","409":";","410":"I","411":"A","412":"M","413":"x","414":"B","415":",","416":"Q","417":"A","418":"A","419":"Q","420":",","421":"C","422":"A","423":"A","424":"C","425":",","426":"C","427":"A","428":"A","429":"C","430":";","431":"I","432":"A","433":"G","434":"V","435":",","436":"I","437":"A","438":"A","439":"I","440":",","441":"K","442":"A","443":"A","444":"K","445":",","446":"G","447":"A","448":"A","449":"G","450":",","451":"O","452":"A","453":"A","454":"O","455":";","456":"I","457":"A","458":"C","459":"n","460":"B","461":",","462":"I","463":"A","464":"A","465":"I","466":",","467":"K","468":"A","469":"A","470":"K","471":",","472":"G","473":"A","474":"A","475":"G","476":",","477":"C","478":"A","479":"A","480":"C","481":",","482":"C","483":"A","484":"A","485":"C","486":",","487":"E","488":"A","489":"A","490":"E","491":",","492":"e","493":"A","494":"A","495":"e","496":",","497":"C","498":"A","499":"A","500":"C","501":",","502":"g","503":"B","504":"A","505":"A","506":"g","507":"B","508":",","509":"E","510":"A","511":"A","512":"E","513":",","514":"C","515":"A","516":"A","517":"C","518":";","519":"I","520":"A","521":"C","522":"n","523":"D","524":",","525":"I","526":"A","527":"A","528":"I","529":",","530":"E","531":"A","532":"A","533":"E","534":",","535":"G","536":"A","537":"A","538":"G","539":",","540":"C","541":"A","542":"A","543":"C","544":",","545":"C","546":"A","547":"A","548":"C","549":",","550":"E","551":"A","552":"A","553":"E","554":",","555":"O","556":"A","557":"A","558":"O","559":",","560":"C","561":"A","562":"A","563":"C","564":",","565":"W","566":"A","567":"A","568":"W","569":",","570":"E","571":"A","572":"A","573":"E","574":",","575":"K","576":"A","577":"A","578":"K","579":",","580":"C","581":"A","582":"A","583":"C","584":";","585":"M","586":"A","587":"A","588":"E","589":",","590":"e","591":"A","592":"A","593":"e","594":",","595":"G","596":"A","597":"A","598":"G","599":",","600":"E","601":"A","602":"A","603":"E","604":",","605":"C","606":"A","607":"A","608":"C","609":",","610":"e","611":"A","612":"A","613":"e","614":";","615":"M","616":"A","617":"A","618":"E","619":",","620":"c","621":"A","622":"A","623":"c","624":",","625":"G","626":"A","627":"A","628":"G","629":",","630":"E","631":"A","632":"A","633":"E","634":",","635":"C","636":"A","637":"A","638":"C","639":",","640":"c","641":"A","642":"A","643":"c","644":";","645":"M","646":"A","647":"A","648":"E","649":",","650":"U","651":"A","652":"A","653":"U","654":",","655":"G","656":"A","657":"A","658":"G","659":",","660":"E","661":"A","662":"A","663":"E","664":",","665":"C","666":"A","667":"A","668":"C","669":",","670":"U","671":"A","672":"A","673":"U","674":";","675":"M","676":"A","677":"A","678":"E","679":",","680":"S","681":"A","682":"A","683":"S","684":",","685":"G","686":"A","687":"A","688":"G","689":",","690":"E","691":"A","692":"A","693":"E","694":",","695":"C","696":"A","697":"A","698":"C","699":",","700":"S","701":"A","702":"A","703":"S","704":";","705":"M","706":"A","707":"A","708":"E","709":",","710":"S","711":"A","712":"A","713":"S","714":",","715":"G","716":"A","717":"A","718":"G","719":",","720":"E","721":"A","722":"A","723":"E","724":",","725":"C","726":"A","727":"A","728":"C","729":",","730":"S","731":"A","732":"A","733":"S","734":";","735":"I","736":"A","737":"C","738":"l","739":"M","740":",","741":"I","742":"A","743":"A","744":"I","745":",","746":"O","747":"A","748":"A","749":"O","750":",","751":"G","752":"A","753":"A","754":"G","755":",","756":"C","757":"A","758":"A","759":"C","760":",","761":"C","762":"A","763":"A","764":"C","765":",","766":"E","767":"A","768":"A","769":"E","770":",","771":"K","772":"A","773":"A","774":"K","775":",","776":"C","777":"A","778":"A","779":"C","780":",","781":"Q","782":"A","783":"A","784":"Q","785":",","786":"E","787":"A","788":"A","789":"E","790":",","791":"Y","792":"A","793":"A","794":"Y","795":";","796":"M","797":"A","798":"C","799":"1","800":"C","801":",","802":"O","803":"A","804":"A","805":"Q","806":",","807":"C","808":"A","809":"A","810":"C","811":",","812":"C","813":"A","814":"A","815":"C","816":",","817":"E","818":"A","819":"A","820":"E","821":",","822":"W","823":"A","824":"A","825":"W","826":",","827":"C","828":"A","829":"A","830":"C","831":",","832":"Q","833":"A","834":"A","835":"Q","836":",","837":"E","838":"A","839":"A","840":"E","841":",","842":"K","843":"A","844":"A","845":"K","846":",","847":"C","848":"A","849":"A","850":"C","851":",","852":"I","853":"A","854":"A","855":"I","856":",","857":"C","858":"A","859":"A","860":"C","861":",","862":"K","863":"A","864":"A","865":"K","866":",","867":"U","868":"A","869":"A","870":"U","871":",","872":"C","873":"A","874":"A","875":"C","876":",","877":"K","878":"A","879":"A","880":"K","881":",","882":"I","883":"A","884":"A","885":"M","886":",","887":"K","888":"A","889":"A","890":"K","891":",","892":"C","893":"A","894":"A","895":"C","896":",","897":"I","898":"A","899":"A","900":"I","901":",","902":"G","903":"A","904":"A","905":"G","906":",","907":"W","908":"A","909":"A","910":"W","911":",","912":"C","913":"A","914":"A","915":"C","916":",","917":"g","918":"B","919":"A","920":"A","921":"i","922":"B","923":";","924":"I","925":"A","926":"C","927":"t","928":"H","929":",","930":"C","931":"A","932":"A","933":"C","934":",","935":"C","936":"A","937":"A","938":"C","939":";","940":"I","941":"A","942":"C","943":"F","944":",","945":"I","946":"A","947":"A","948":"I","949":",","950":"G","951":"A","952":"A","953":"G","954":",","955":"G","956":"A","957":"A","958":"G","959":",","960":"C","961":"A","962":"A","963":"C","964":",","965":"C","966":"A","967":"A","968":"C","969":",","970":"E","971":"A","972":"A","973":"E","974":",","975":"K","976":"A","977":"A","978":"K","979":",","980":"C","981":"A","982":"A","983":"C","984":",","985":"Q","986":"A","987":"A","988":"Q","989":",","990":"E","991":"A","992":"A","993":"E","994":",","995":"Y","996":"A","997":"A","998":"Y","999":";","1000":"M","1001":"A","1002":"C","1003":"t","1004":"C","1005":",","1006":"I","1007":"A","1008":"A","1009":"I","1010":",","1011":"O","1012":"A","1013":"A","1014":"O","1015":",","1016":"C","1017":"A","1018":"A","1019":"C","1020":",","1021":"K","1022":"A","1023":"A","1024":"K","1025":",","1026":"I","1027":"A","1028":"A","1029":"I","1030":",","1031":"S","1032":"A","1033":"A","1034":"S","1035":",","1036":"C","1037":"A","1038":"A","1039":"C","1040":",","1041":"K","1042":"A","1043":"A","1044":"K","1045":",","1046":"E","1047":"A","1048":"C","1049":"h","1050":"C","1051":",","1052":"O","1053":"A","1054":"A","1055":"O","1056":",","1057":"S","1058":"A","1059":"A","1060":"S","1061":",","1062":"C","1063":"A","1064":"A","1065":"C","1066":",","1067":"K","1068":"A","1069":"A","1070":"K","1071":";","1072":"M","1073":"A","1074":"C","1075":"1","1076":"B","1077":",","1078":"I","1079":"A","1080":"A","1081":"I","1082":",","1083":"Y","1084":"A","1085":"A","1086":"Y","1087":",","1088":"G","1089":"A","1090":"A","1091":"G","1092":",","1093":"S","1094":"A","1095":"A","1096":"S","1097":",","1098":"C","1099":"A","1100":"A","1101":"C","1102":",","1103":"K","1104":"A","1105":"A","1106":"K","1107":",","1108":"C","1109":"A","1110":"A","1111":"C","1112":",","1113":"C","1114":"A","1115":"A","1116":"C","1117":",","1118":"C","1119":"A","1120":"A","1121":"C","1122":",","1123":"E","1124":"A","1125":"A","1126":"E","1127":",","1128":"W","1129":"A","1130":"A","1131":"W","1132":",","1133":"C","1134":"A","1135":"A","1136":"C","1137":",","1138":"Q","1139":"A","1140":"A","1141":"Q","1142":",","1143":"E","1144":"A","1145":"A","1146":"E","1147":",","1148":"K","1149":"A","1150":"A","1151":"K","1152":",","1153":"C","1154":"A","1155":"A","1156":"C","1157":",","1158":"I","1159":"A","1160":"A","1161":"I","1162":",","1163":"C","1164":"A","1165":"A","1166":"C","1167":",","1168":"C","1169":"A","1170":"A","1171":"C","1172":",","1173":"C","1174":"A","1175":"A","1176":"C","1177":",","1178":"C","1179":"A","1180":"A","1181":"C","1182":",","1183":"C","1184":"A","1185":"A","1186":"C","1187":",","1188":"E","1189":"A","1190":"A","1191":"E","1192":",","1193":"W","1194":"A","1195":"A","1196":"W","1197":",","1198":"C","1199":"A","1200":"A","1201":"C","1202":",","1203":"Q","1204":"A","1205":"A","1206":"Q","1207":",","1208":"E","1209":"A","1210":"A","1211":"E","1212":",","1213":"K","1214":"A","1215":"A","1216":"K","1217":",","1218":"C","1219":"A","1220":"A","1221":"C","1222":",","1223":"I","1224":"A","1225":"A","1226":"I","1227":",","1228":"C","1229":"A","1230":"A","1231":"C","1232":",","1233":"C","1234":"A","1235":"A","1236":"C","1237":";","1238":"M","1239":"A","1240":"C","1241":"h","1242":"H","1243":",","1244":"I","1245":"A","1246":"A","1247":"I","1248":",","1249":"Y","1250":"A","1251":"A","1252":"Y","1253":",","1254":"K","1255":"A","1256":"A","1257":"K","1258":",","1259":"I","1260":"A","1261":"A","1262":"I","1263":",","1264":"I","1265":"A","1266":"E","1267":"j","1268":"B","1269":",","1270":"Y","1271":"A","1272":"A","1273":"Y","1274":",","1275":"K","1276":"A","1277":"A","1278":"K","1279":",","1280":"W","1281":"A","1282":"A","1283":"W","1284":",","1285":"C","1286":"A","1287":"A","1288":"C","1289":",","1290":"K","1291":"A","1292":"A","1293":"K","1294":",","1295":"E","1296":"A","1297":"A","1298":"E","1299":";","1300":"Q","1301":"A","1302":"C","1303":"x","1304":"C","1305":",","1306":"O","1307":"A","1308":"A","1309":"O","1310":",","1311":"W","1312":"A","1313":"A","1314":"W","1315":",","1316":"C","1317":"A","1318":"A","1319":"C","1320":",","1321":"S","1322":"A","1323":"A","1324":"S","1325":";","1326":"M","1327":"A","1328":"C","1329":"h","1330":"C","1331":",","1332":"C","1333":"A","1334":"A","1335":"C","1336":",","1337":"M","1338":"A","1339":"C","1340":"I","1341":";","1342":"Q","1343":"A","1344":"C","1345":"D","1346":",","1347":"O","1348":"A","1349":"A","1350":"O","1351":",","1352":"S","1353":"A","1354":"A","1355":"S","1356":",","1357":"C","1358":"A","1359":"A","1360":"C","1361":",","1362":"K","1363":"A","1364":"A","1365":"K","1366":",","1367":"C","1368":"A","1369":"A","1370":"C","1371":",","1372":"C","1373":"A","1374":"A","1375":"C","1376":",","1377":"C","1378":"A","1379":"A","1380":"C","1381":",","1382":"E","1383":"A","1384":"A","1385":"E","1386":",","1387":"W","1388":"A","1389":"A","1390":"W","1391":",","1392":"C","1393":"A","1394":"A","1395":"C","1396":",","1397":"Q","1398":"A","1399":"A","1400":"Q","1401":",","1402":"E","1403":"A","1404":"A","1405":"E","1406":",","1407":"K","1408":"A","1409":"A","1410":"K","1411":",","1412":"C","1413":"A","1414":"A","1415":"C","1416":",","1417":"I","1418":"A","1419":"A","1420":"I","1421":",","1422":"C","1423":"A","1424":"A","1425":"C","1426":",","1427":"C","1428":"A","1429":"A","1430":"C","1431":",","1432":"C","1433":"A","1434":"A","1435":"C","1436":",","1437":"C","1438":"A","1439":"A","1440":"C","1441":",","1442":"C","1443":"A","1444":"A","1445":"C","1446":",","1447":"E","1448":"A","1449":"A","1450":"E","1451":",","1452":"W","1453":"A","1454":"A","1455":"W","1456":",","1457":"C","1458":"A","1459":"A","1460":"C","1461":",","1462":"Q","1463":"A","1464":"A","1465":"Q","1466":",","1467":"E","1468":"A","1469":"A","1470":"E","1471":",","1472":"K","1473":"A","1474":"A","1475":"K","1476":",","1477":"C","1478":"A","1479":"A","1480":"C","1481":",","1482":"I","1483":"A","1484":"A","1485":"I","1486":",","1487":"C","1488":"A","1489":"A","1490":"C","1491":",","1492":"C","1493":"A","1494":"A","1495":"C","1496":",","1497":"I","1498":"A","1499":"A","1500":"I","1501":",","1502":"E","1503":"A","1504":"A","1505":"E","1506":";","1507":"M","1508":"A","1509":"C","1510":"9","1511":"G","1512":";","1513":"I","1514":"A","1515":"C","1516":"J","1517":",","1518":"C","1519":"A","1520":"A","1521":"C","1522":",","1523":"C","1524":"A","1525":"A","1526":"C","1527":";","1528":"I","1529":"A","1530":"C","1531":"F","1532":",","1533":"I","1534":"A","1535":"A","1536":"I","1537":",","1538":"W","1539":"A","1540":"A","1541":"W","1542":",","1543":"G","1544":"A","1545":"A","1546":"G","1547":",","1548":"C","1549":"A","1550":"A","1551":"C","1552":",","1553":"C","1554":"A","1555":"A","1556":"C","1557":",","1558":"E","1559":"A","1560":"A","1561":"E","1562":",","1563":"K","1564":"A","1565":"A","1566":"K","1567":",","1568":"C","1569":"A","1570":"A","1571":"C","1572":",","1573":"Q","1574":"A","1575":"A","1576":"Q","1577":",","1578":"E","1579":"A","1580":"A","1581":"E","1582":",","1583":"Y","1584":"A","1585":"A","1586":"Y","1587":";","1588":"M","1589":"A","1590":"A","1591":"E","1592":",","1593":"O","1594":"A","1595":"A","1596":"Q","1597":";","1598":"Q","1599":"A","1600":"C","1601":"x","1602":"D","1603":",","1604":"i","1605":"B","1606":"A","1607":"A","1608":"i","1609":"B","1610":",","1611":"E","1612":"A","1613":"A","1614":"E","1615":",","1616":"c","1617":"A","1618":"A","1619":"c","1620":",","1621":"C","1622":"A","1623":"A","1624":"C","1625":",","1626":"K","1627":"A","1628":"A","1629":"K","1630":",","1631":"C","1632":"A","1633":"A","1634":"C","1635":",","1636":"Q","1637":"A","1638":"A","1639":"Q","1640":",","1641":"C","1642":"A","1643":"A","1644":"C","1645":",","1646":"K","1647":"A","1648":"A","1649":"K","1650":",","1651":"C","1652":"A","1653":"A","1654":"C","1655":",","1656":"I","1657":"A","1658":"A","1659":"I","1660":",","1661":"C","1662":"A","1663":"A","1664":"C","1665":";","1666":"Q","1667":"A","1668":"C","1669":"5","1670":"D","1671":",","1672":"e","1673":"A","1674":"A","1675":"e","1676":",","1677":"E","1678":"A","1679":"A","1680":"E","1681":",","1682":"e","1683":"A","1684":"A","1685":"e","1686":",","1687":"C","1688":"A","1689":"A","1690":"C","1691":",","1692":"K","1693":"A","1694":"A","1695":"K","1696":",","1697":"C","1698":"A","1699":"A","1700":"C","1701":",","1702":"Q","1703":"A","1704":"A","1705":"Q","1706":",","1707":"C","1708":"A","1709":"A","1710":"C","1711":",","1712":"K","1713":"A","1714":"A","1715":"K","1716":",","1717":"C","1718":"A","1719":"A","1720":"C","1721":",","1722":"I","1723":"A","1724":"A","1725":"I","1726":",","1727":"C","1728":"A","1729":"A","1730":"C","1731":";","1732":"Q","1733":"A","1734":"C","1735":"3","1736":"D","1737":",","1738":"O","1739":"A","1740":"A","1741":"O","1742":",","1743":"E","1744":"A","1745":"A","1746":"E","1747":",","1748":"O","1749":"A","1750":"A","1751":"O","1752":",","1753":"C","1754":"A","1755":"A","1756":"C","1757":",","1758":"K","1759":"A","1760":"A","1761":"K","1762":";","1763":"Q","1764":"A","1765":"C","1766":"t","1767":"B","1768":",","1769":"K","1770":"A","1771":"A","1772":"K","1773":",","1774":"E","1775":"A","1776":"A","1777":"E","1778":",","1779":"E","1780":"A","1781":"A","1782":"E","1783":",","1784":"C","1785":"A","1786":"A","1787":"C","1788":",","1789":"C","1790":"A","1791":"A","1792":"C","1793":",","1794":"E","1795":"A","1796":"A","1797":"E","1798":",","1799":"W","1800":"A","1801":"A","1802":"W","1803":",","1804":"C","1805":"A","1806":"A","1807":"C","1808":",","1809":"Q","1810":"A","1811":"A","1812":"Q","1813":",","1814":"E","1815":"A","1816":"A","1817":"E","1818":",","1819":"K","1820":"A","1821":"A","1822":"K","1823":",","1824":"C","1825":"A","1826":"A","1827":"C","1828":",","1829":"I","1830":"A","1831":"A","1832":"I","1833":",","1834":"C","1835":"A","1836":"A","1837":"C","1838":",","1839":"K","1840":"A","1841":"A","1842":"K","1843":",","1844":"U","1845":"A","1846":"A","1847":"U","1848":",","1849":"C","1850":"A","1851":"A","1852":"C","1853":",","1854":"K","1855":"A","1856":"A","1857":"K","1858":",","1859":"C","1860":"A","1861":"A","1862":"C","1863":";","1864":"Q","1865":"A","1866":"C","1867":"p","1868":"E","1869":",","1870":"c","1871":"A","1872":"A","1873":"c","1874":",","1875":"E","1876":"A","1877":"A","1878":"E","1879":",","1880":"C","1881":"A","1882":"A","1883":"C","1884":",","1885":"C","1886":"A","1887":"A","1888":"C","1889":",","1890":"E","1891":"A","1892":"A","1893":"E","1894":",","1895":"W","1896":"A","1897":"A","1898":"W","1899":",","1900":"C","1901":"A","1902":"A","1903":"C","1904":",","1905":"Q","1906":"A","1907":"A","1908":"Q","1909":",","1910":"E","1911":"A","1912":"A","1913":"E","1914":",","1915":"K","1916":"A","1917":"A","1918":"K","1919":",","1920":"C","1921":"A","1922":"A","1923":"C","1924":",","1925":"I","1926":"A","1927":"A","1928":"I","1929":",","1930":"C","1931":"A","1932":"A","1933":"C","1934":",","1935":"K","1936":"A","1937":"A","1938":"K","1939":",","1940":"U","1941":"A","1942":"A","1943":"U","1944":",","1945":"C","1946":"A","1947":"A","1948":"C","1949":";","1950":"M","1951":"A","1952":"C","1953":"z","1954":"E","1955":",","1956":"C","1957":"A","1958":"A","1959":"C","1960":";","1961":"I","1962":"A","1963":"A","1964":"G","1965":",","1966":"C","1967":"A","1968":"A","1969":"C","1970":",","1971":"C","1972":"A","1973":"A","1974":"C","1975":";","1976":"I","1977":"A","1978":"C","1979":"N","1980":",","1981":"I","1982":"A","1983":"A","1984":"I","1985":",","1986":"Y","1987":"A","1988":"A","1989":"Y","1990":",","1991":"G","1992":"A","1993":"A","1994":"G","1995":";","1996":"M","1997":"A","1998":"A","1999":"E","2000":",","2001":"K","2002":"A","2003":"A","2004":"K","2005":",","2006":"E","2007":"A","2008":"A","2009":"E","2010":",","2011":"K","2012":"A","2013":"A","2014":"K","2015":";","2016":"M","2017":"A","2018":"A","2019":"E","2020":",","2021":"K","2022":"A","2023":"A","2024":"K","2025":",","2026":"E","2027":"A","2028":"A","2029":"E","2030":",","2031":"K","2032":"A","2033":"A","2034":"K","2035":";","2036":"M","2037":"A","2038":"A","2039":"E","2040":",","2041":"e","2042":"A","2043":"A","2044":"e","2045":",","2046":"E","2047":"A","2048":"A","2049":"E","2050":",","2051":"e","2052":"A","2053":"A","2054":"e","2055":";","2056":"M","2057":"A","2058":"A","2059":"E","2060":",","2061":"c","2062":"A","2063":"A","2064":"c","2065":",","2066":"E","2067":"A","2068":"A","2069":"E","2070":",","2071":"c","2072":"A","2073":"A","2074":"c","2075":";","2076":"M","2077":"A","2078":"A","2079":"E","2080":",","2081":"U","2082":"A","2083":"A","2084":"U","2085":",","2086":"E","2087":"A","2088":"A","2089":"E","2090":",","2091":"U","2092":"A","2093":"A","2094":"U","2095":";","2096":"M","2097":"A","2098":"A","2099":"E","2100":",","2101":"S","2102":"A","2103":"A","2104":"S","2105":",","2106":"E","2107":"A","2108":"A","2109":"E","2110":",","2111":"S","2112":"A","2113":"A","2114":"S","2115":";","2116":"M","2117":"A","2118":"A","2119":"E","2120":",","2121":"S","2122":"A","2123":"A","2124":"S","2125":",","2126":"E","2127":"A","2128":"A","2129":"E","2130":",","2131":"S","2132":"A","2133":"A","2134":"S","2135":";","2136":"M","2137":"A","2138":"A","2139":"E","2140":",","2141":"O","2142":"A","2143":"A","2144":"O","2145":",","2146":"E","2147":"A","2148":"A","2149":"E","2150":",","2151":"O","2152":"A","2153":"A","2154":"O","2155":";","2156":"M","2157":"A","2158":"A","2159":"E","2160":",","2161":"G","2162":"A","2163":"A","2164":"G","2165":",","2166":"E","2167":"A","2168":"A","2169":"E","2170":",","2171":"G","2172":"A","2173":"A","2174":"G","2175":";","2176":"M","2177":"A","2178":"A","2179":"E","2180":",","2181":"W","2182":"A","2183":"A","2184":"W","2185":",","2186":"E","2187":"A","2188":"A","2189":"E","2190":";","2191":"I","2192":"A","2193":"A","2194":"Y","2195":",","2196":"C","2197":"A","2198":"A","2199":"C","2200":";","2201":"I","2202":"A","2203":"C","2204":"7","2205":"O","2206":",","2207":"M","2208":"A","2209":"A","2210":"M","2211":",","2212":"C","2213":"A","2214":"A","2215":"C","2216":",","2217":"c","2218":"A","2219":"A","2220":"c","2221":",","2222":"C","2223":"A","2224":"A","2225":"C","2226":",","2227":"Y","2228":"A","2229":"A","2230":"Y","2231":",","2232":"E","2233":"A","2234":"A","2235":"E","2236":",","2237":"i","2238":"B","2239":"A","2240":"A","2241":"i","2242":"B","2243":",","2244":"E","2245":"A","2246":"A","2247":"E","2248":";","2249":"M","2250":"A","2251":"A","2252":"E","2253":",","2254":"U","2255":"A","2256":"A","2257":"U","2258":",","2259":"E","2260":"A","2261":"A","2262":"E","2263":",","2264":"K","2265":"A","2266":"A","2267":"K","2268":";","2269":"M","2270":"A","2271":"A","2272":"E","2273":",","2274":"K","2275":"A","2276":"A","2277":"K","2278":",","2279":"E","2280":"A","2281":"A","2282":"E","2283":";","2284":"I","2285":"A","2286":"A","2287":"K","2288":",","2289":"C","2290":"A","2291":"A","2292":"C","2293":",","2294":"C","2295":"A","2296":"A","2297":"C","2298":";","2299":"I","2300":"A","2301":"C","2302":"1","2303":"F","2304":",","2305":"O","2306":"A","2307":"A","2308":"O","2309":",","2310":"Y","2311":"A","2312":"A","2313":"Y","2314":";","2315":"E","2316":"A","2317":"C","2318":"v","2319":"B","2320":";","2321":"A","2322":"A","2323":"C","2324":"J","2325":",","2326":"C","2327":"A","2328":"A","2329":"C","2330":",","2331":"C","2332":"A","2333":"A","2334":"C","2335":"\"","2336":",","2337":"\"","2338":"f","2339":"i","2340":"l","2341":"e","2342":"\"","2343":":","2344":"\"","2345":"C","2346":":","2347":"\\","2348":"\\","2349":"U","2350":"s","2351":"e","2352":"r","2353":"s","2354":"\\","2355":"\\","2356":"m","2357":"i","2358":"c","2359":"h","2360":"a","2361":"\\","2362":"\\","2363":"D","2364":"e","2365":"s","2366":"k","2367":"t","2368":"o","2369":"p","2370":"\\","2371":"\\","2372":"b","2373":"o","2374":"x","2375":"B","2376":"r","2377":"e","2378":"a","2379":"k","2380":"e","2381":"r","2382":"V","2383":"u","2384":"e","2385":"-","2386":"P","2387":"i","2388":"n","2389":"i","2390":"a","2391":"\\","2392":"\\","2393":"s","2394":"r","2395":"c","2396":"\\","2397":"\\","2398":"c","2399":"o","2400":"m","2401":"p","2402":"o","2403":"n","2404":"e","2405":"n","2406":"t","2407":"s","2408":"\\","2409":"\\","2410":"G","2411":"r","2412":"i","2413":"d","2414":"B","2415":"o","2416":"x","2417":".","2418":"v","2419":"u","2420":"e","2421":"\"","2422":",","2423":"\"","2424":"s","2425":"o","2426":"u","2427":"r","2428":"c","2429":"e","2430":"s","2431":"C","2432":"o","2433":"n","2434":"t","2435":"e","2436":"n","2437":"t","2438":"\"","2439":":","2440":"[","2441":"\"","2442":"<","2443":"t","2444":"e","2445":"m","2446":"p","2447":"l","2448":"a","2449":"t","2450":"e","2451":">","2452":"\\","2453":"r","2454":"\\","2455":"n","2456":" ","2457":" ","2458":" ","2459":" ","2460":"<","2461":"d","2462":"i","2463":"v","2464":" ","2465":":","2466":"c","2467":"l","2468":"a","2469":"s","2470":"s","2471":"=","2472":"\\","2473":"\"","2474":"c","2475":"l","2476":"a","2477":"s","2478":"s","2479":"O","2480":"b","2481":"j","2482":"e","2483":"c","2484":"t","2485":"\\","2486":"\"","2487":" ","2488":":","2489":"s","2490":"t","2491":"y","2492":"l","2493":"e","2494":"=","2495":"\\","2496":"\"","2497":"{","2498":" ","2499":"b","2500":"a","2501":"c","2502":"k","2503":"g","2504":"r","2505":"o","2506":"u","2507":"n","2508":"d","2509":"C","2510":"o","2511":"l","2512":"o","2513":"r","2514":":","2515":" ","2516":"r","2517":"g","2518":"b","2519":"}","2520":"\\","2521":"\"","2522":">","2523":"\\","2524":"r","2525":"\\","2526":"n","2527":"<","2528":"/","2529":"d","2530":"i","2531":"v","2532":">","2533":"\\","2534":"r","2535":"\\","2536":"n","2537":"<","2538":"/","2539":"t","2540":"e","2541":"m","2542":"p","2543":"l","2544":"a","2545":"t","2546":"e","2547":">","2548":"\\","2549":"r","2550":"\\","2551":"n","2552":"\\","2553":"r","2554":"\\","2555":"n","2556":"<","2557":"s","2558":"c","2559":"r","2560":"i","2561":"p","2562":"t","2563":" ","2564":"s","2565":"e","2566":"t","2567":"u","2568":"p","2569":" ","2570":"l","2571":"a","2572":"n","2573":"g","2574":"=","2575":"\\","2576":"\"","2577":"t","2578":"s","2579":"\\","2580":"\"","2581":">","2582":"\\","2583":"r","2584":"\\","2585":"n","2586":"i","2587":"m","2588":"p","2589":"o","2590":"r","2591":"t","2592":" ","2593":"{","2594":" ","2595":"c","2596":"o","2597":"m","2598":"p","2599":"u","2600":"t","2601":"e","2602":"d","2603":" ","2604":"}","2605":" ","2606":"f","2607":"r","2608":"o","2609":"m","2610":" ","2611":"'","2612":"v","2613":"u","2614":"e","2615":"'","2616":";","2617":"\\","2618":"r","2619":"\\","2620":"n","2621":"i","2622":"m","2623":"p","2624":"o","2625":"r","2626":"t","2627":" ","2628":"{","2629":" ","2630":"s","2631":"t","2632":"o","2633":"r","2634":"e","2635":"T","2636":"o","2637":"R","2638":"e","2639":"f","2640":"s","2641":" ","2642":"}","2643":" ","2644":"f","2645":"r","2646":"o","2647":"m","2648":" ","2649":"'","2650":"p","2651":"i","2652":"n","2653":"i","2654":"a","2655":"'","2656":";","2657":"\\","2658":"r","2659":"\\","2660":"n","2661":"i","2662":"m","2663":"p","2664":"o","2665":"r","2666":"t","2667":" ","2668":"{","2669":" ","2670":"u","2671":"s","2672":"e","2673":"A","2674":"p","2675":"p","2676":"S","2677":"t","2678":"a","2679":"t","2680":"e","2681":"S","2682":"t","2683":"o","2684":"r","2685":"e","2686":" ","2687":"}","2688":" ","2689":"f","2690":"r","2691":"o","2692":"m","2693":" ","2694":"'","2695":".","2696":".","2697":"/","2698":"s","2699":"t","2700":"o","2701":"r","2702":"e","2703":"s","2704":"/","2705":"a","2706":"p","2707":"p","2708":"S","2709":"t","2710":"a","2711":"t","2712":"e","2713":"S","2714":"t","2715":"o","2716":"r","2717":"e","2718":"'","2719":";","2720":"\\","2721":"r","2722":"\\","2723":"n","2724":"i","2725":"m","2726":"p","2727":"o","2728":"r","2729":"t","2730":" ","2731":"{","2732":" ","2733":"c","2734":"o","2735":"l","2736":"I","2737":"n","2738":"d","2739":"e","2740":"x","2741":",","2742":" ","2743":"r","2744":"o","2745":"w","2746":"I","2747":"n","2748":"d","2749":"e","2750":"x","2751":" ","2752":"}","2753":" ","2754":"f","2755":"r","2756":"o","2757":"m","2758":" ","2759":"'","2760":".","2761":".","2762":"/","2763":"m","2764":"o","2765":"d","2766":"u","2767":"l","2768":"e","2769":"s","2770":"/","2771":"g","2772":"a","2773":"m","2774":"e","2775":"L","2776":"o","2777":"g","2778":"i","2779":"c","2780":"'","2781":";","2782":"\\","2783":"r","2784":"\\","2785":"n","2786":"i","2787":"m","2788":"p","2789":"o","2790":"r","2791":"t","2792":" ","2793":"{","2794":" ","2795":"A","2796":"L","2797":"I","2798":"C","2799":"E","2800":"B","2801":"L","2802":"U","2803":"E","2804":",","2805":" ","2806":"A","2807":"R","2808":"R","2809":"O","2810":"W","2811":",","2812":" ","2813":"L","2814":"A","2815":"S","2816":"T","2817":"_","2818":"R","2819":"O","2820":"W","2821":"_","2822":"N","2823":"_","2824":"S","2825":"T","2826":"A","2827":"R","2828":"T","2829":" ","2830":"}","2831":" ","2832":"f","2833":"r","2834":"o","2835":"m","2836":" ","2837":"'","2838":".","2839":".","2840":"/","2841":"c","2842":"o","2843":"n","2844":"s","2845":"t","2846":"a","2847":"n","2848":"t","2849":"s","2850":"/","2851":"c","2852":"o","2853":"n","2854":"s","2855":"t","2856":"a","2857":"n","2858":"t","2859":"s","2860":"'","2861":";","2862":"\\","2863":"r","2864":"\\","2865":"n","2866":"c","2867":"o","2868":"n","2869":"s","2870":"t","2871":" ","2872":"p","2873":"r","2874":"o","2875":"p","2876":"s","2877":" ","2878":"=","2879":" ","2880":"d","2881":"e","2882":"f","2883":"i","2884":"n","2885":"e","2886":"P","2887":"r","2888":"o","2889":"p","2890":"s","2891":"<","2892":"{","2893":"\\","2894":"r","2895":"\\","2896":"n","2897":" ","2898":" ","2899":" ","2900":" ","2901":"b","2902":"o","2903":"x","2904":"N","2905":":","2906":" ","2907":"n","2908":"u","2909":"m","2910":"b","2911":"e","2912":"r","2913":"\\","2914":"r","2915":"\\","2916":"n","2917":"}","2918":">","2919":"(","2920":")","2921":"\\","2922":"r","2923":"\\","2924":"n","2925":"\\","2926":"r","2927":"\\","2928":"n","2929":"c","2930":"o","2931":"n","2932":"s","2933":"t","2934":" ","2935":"s","2936":"t","2937":"o","2938":"r","2939":"e","2940":" ","2941":"=","2942":" ","2943":"u","2944":"s","2945":"e","2946":"A","2947":"p","2948":"p","2949":"S","2950":"t","2951":"a","2952":"t","2953":"e","2954":"S","2955":"t","2956":"o","2957":"r","2958":"e","2959":"(","2960":")","2961":"\\","2962":"r","2963":"\\","2964":"n","2965":"\\","2966":"r","2967":"\\","2968":"n","2969":"c","2970":"o","2971":"n","2972":"s","2973":"t","2974":" ","2975":"{","2976":"\\","2977":"r","2978":"\\","2979":"n","2980":" ","2981":" ","2982":" ","2983":" ","2984":"e","2985":"x","2986":"p","2987":"l","2988":"o","2989":"d","2990":"i","2991":"n","2992":"g","2993":"B","2994":"o","2995":"x","2996":"e","2997":"s","2998":"N","2999":",","3000":"\\","3001":"r","3002":"\\","3003":"n","3004":" ","3005":" ","3006":" ","3007":" ","3008":"b","3009":"l","3010":"i","3011":"n","3012":"k","3013":"i","3014":"n","3015":"g","3016":"B","3017":"o","3018":"x","3019":"e","3020":"s","3021":"N","3022":",","3023":"\\","3024":"r","3025":"\\","3026":"n","3027":" ","3028":" ","3029":" ","3030":" ","3031":"a","3032":"r","3033":"r","3034":"o","3035":"w","3036":"I","3037":"n","3038":"d","3039":"e","3040":"x","3041":",","3042":"\\","3043":"r","3044":"\\","3045":"n","3046":" ","3047":" ","3048":" ","3049":" ","3050":"g","3051":"r","3052":"i","3053":"d","3054":"A","3055":"r","3056":"r","3057":"a","3058":"y","3059":",","3060":"\\","3061":"r","3062":"\\","3063":"n","3064":" ","3065":" ","3066":" ","3067":" ","3068":"c","3069":"a","3070":"u","3071":"g","3072":"h","3073":"t","3074":"B","3075":"o","3076":"x","3077":"\\","3078":"r","3079":"\\","3080":"n","3081":"}","3082":" ","3083":"=","3084":" ","3085":"s","3086":"t","3087":"o","3088":"r","3089":"e","3090":"T","3091":"o","3092":"R","3093":"e","3094":"f","3095":"s","3096":"(","3097":"s","3098":"t","3099":"o","3100":"r","3101":"e","3102":")","3103":"\\","3104":"r","3105":"\\","3106":"n","3107":"\\","3108":"r","3109":"\\","3110":"n","3111":"c","3112":"o","3113":"n","3114":"s","3115":"t","3116":" ","3117":"i","3118":"s","3119":"A","3120":"r","3121":"r","3122":"o","3123":"w","3124":" ","3125":"=","3126":" ","3127":"c","3128":"o","3129":"m","3130":"p","3131":"u","3132":"t","3133":"e","3134":"d","3135":"(","3136":"(","3137":")","3138":" ","3139":"=","3140":">","3141":" ","3142":"{","3143":"\\","3144":"r","3145":"\\","3146":"n","3147":" ","3148":" ","3149":" ","3150":" ","3151":"r","3152":"e","3153":"t","3154":"u","3155":"r","3156":"n","3157":" ","3158":"(","3159":"c","3160":"o","3161":"l","3162":"I","3163":"n","3164":"d","3165":"e","3166":"x","3167":"(","3168":"p","3169":"r","3170":"o","3171":"p","3172":"s","3173":".","3174":"b","3175":"o","3176":"x","3177":"N","3178":")","3179":" ","3180":"=","3181":"=","3182":"=","3183":" ","3184":"a","3185":"r","3186":"r","3187":"o","3188":"w","3189":"I","3190":"n","3191":"d","3192":"e","3193":"x","3194":".","3195":"v","3196":"a","3197":"l","3198":"u","3199":"e","3200":")","3201":" ","3202":"&","3203":"&","3204":" ","3205":"(","3206":"p","3207":"r","3208":"o","3209":"p","3210":"s","3211":".","3212":"b","3213":"o","3214":"x","3215":"N","3216":" ","3217":">","3218":" ","3219":"L","3220":"A","3221":"S","3222":"T","3223":"_","3224":"R","3225":"O","3226":"W","3227":"_","3228":"N","3229":"_","3230":"S","3231":"T","3232":"A","3233":"R","3234":"T","3235":")","3236":"\\","3237":"r","3238":"\\","3239":"n","3240":"}","3241":")","3242":"\\","3243":"r","3244":"\\","3245":"n","3246":"\\","3247":"r","3248":"\\","3249":"n","3250":"c","3251":"o","3252":"n","3253":"s","3254":"t","3255":" ","3256":"r","3257":"g","3258":"b","3259":" ","3260":"=","3261":" ","3262":"c","3263":"o","3264":"m","3265":"p","3266":"u","3267":"t","3268":"e","3269":"d","3270":"(","3271":"(","3272":")","3273":" ","3274":"=","3275":">","3276":" ","3277":"{","3278":"\\","3279":"r","3280":"\\","3281":"n","3282":" ","3283":" ","3284":" ","3285":" ","3286":"i","3287":"f","3288":"(","3289":"i","3290":"s","3291":"A","3292":"r","3293":"r","3294":"o","3295":"w","3296":".","3297":"v","3298":"a","3299":"l","3300":"u","3301":"e","3302":" ","3303":"&","3304":"&","3305":" ","3306":"c","3307":"a","3308":"u","3309":"g","3310":"h","3311":"t","3312":"B","3313":"o","3314":"x","3315":".","3316":"v","3317":"a","3318":"l","3319":"u","3320":"e","3321":")","3322":" ","3323":"r","3324":"e","3325":"t","3326":"u","3327":"r","3328":"n","3329":" ","3330":"c","3331":"a","3332":"u","3333":"g","3334":"h","3335":"t","3336":"B","3337":"o","3338":"x","3339":".","3340":"v","3341":"a","3342":"l","3343":"u","3344":"e","3345":"\\","3346":"r","3347":"\\","3348":"n","3349":" ","3350":" ","3351":" ","3352":" ","3353":"c","3354":"o","3355":"n","3356":"s","3357":"t","3358":" ","3359":"g","3360":"r","3361":"i","3362":"d","3363":"B","3364":"o","3365":"x","3366":"V","3367":"a","3368":"l","3369":"u","3370":"e","3371":" ","3372":"=","3373":" ","3374":"g","3375":"r","3376":"i","3377":"d","3378":"A","3379":"r","3380":"r","3381":"a","3382":"y","3383":".","3384":"v","3385":"a","3386":"l","3387":"u","3388":"e","3389":"[","3390":"r","3391":"o","3392":"w","3393":"I","3394":"n","3395":"d","3396":"e","3397":"x","3398":"(","3399":"p","3400":"r","3401":"o","3402":"p","3403":"s","3404":".","3405":"b","3406":"o","3407":"x","3408":"N","3409":")","3410":"]","3411":"[","3412":"c","3413":"o","3414":"l","3415":"I","3416":"n","3417":"d","3418":"e","3419":"x","3420":"(","3421":"p","3422":"r","3423":"o","3424":"p","3425":"s","3426":".","3427":"b","3428":"o","3429":"x","3430":"N","3431":")","3432":"]","3433":"\\","3434":"r","3435":"\\","3436":"n","3437":" ","3438":" ","3439":" ","3440":" ","3441":"i","3442":"f","3443":" ","3444":"(","3445":"\\","3446":"r","3447":"\\","3448":"n","3449":" ","3450":" ","3451":" ","3452":" ","3453":" ","3454":" ","3455":" ","3456":" ","3457":"g","3458":"r","3459":"i","3460":"d","3461":"B","3462":"o","3463":"x","3464":"V","3465":"a","3466":"l","3467":"u","3468":"e","3469":" ","3470":"=","3471":"=","3472":"=","3473":" ","3474":"n","3475":"u","3476":"l","3477":"l","3478":"\\","3479":"r","3480":"\\","3481":"n","3482":" ","3483":" ","3484":" ","3485":" ","3486":" ","3487":" ","3488":" ","3489":" ","3490":"|","3491":"|","3492":"\\","3493":"r","3494":"\\","3495":"n","3496":" ","3497":" ","3498":" ","3499":" ","3500":" ","3501":" ","3502":" ","3503":" ","3504":"g","3505":"r","3506":"i","3507":"d","3508":"B","3509":"o","3510":"x","3511":"V","3512":"a","3513":"l","3514":"u","3515":"e","3516":" ","3517":"=","3518":"=","3519":"=","3520":" ","3521":"A","3522":"R","3523":"R","3524":"O","3525":"W","3526":"\\","3527":"r","3528":"\\","3529":"n","3530":" ","3531":" ","3532":" ","3533":" ","3534":")","3535":" ","3536":"{","3537":"\\","3538":"r","3539":"\\","3540":"n","3541":" ","3542":" ","3543":" ","3544":" ","3545":" ","3546":" ","3547":" ","3548":" ","3549":"r","3550":"e","3551":"t","3552":"u","3553":"r","3554":"n","3555":" ","3556":"A","3557":"L","3558":"I","3559":"C","3560":"E","3561":"B","3562":"L","3563":"U","3564":"E","3565":"\\","3566":"r","3567":"\\","3568":"n","3569":" ","3570":" ","3571":" ","3572":" ","3573":"}","3574":" ","3575":"e","3576":"l","3577":"s","3578":"e","3579":" ","3580":"{","3581":"\\","3582":"r","3583":"\\","3584":"n","3585":" ","3586":" ","3587":" ","3588":" ","3589":" ","3590":" ","3591":" ","3592":" ","3593":"r","3594":"e","3595":"t","3596":"u","3597":"r","3598":"n","3599":" ","3600":"g","3601":"r","3602":"i","3603":"d","3604":"A","3605":"r","3606":"r","3607":"a","3608":"y","3609":".","3610":"v","3611":"a","3612":"l","3613":"u","3614":"e","3615":"[","3616":"r","3617":"o","3618":"w","3619":"I","3620":"n","3621":"d","3622":"e","3623":"x","3624":"(","3625":"p","3626":"r","3627":"o","3628":"p","3629":"s","3630":".","3631":"b","3632":"o","3633":"x","3634":"N","3635":")","3636":"]","3637":"[","3638":"c","3639":"o","3640":"l","3641":"I","3642":"n","3643":"d","3644":"e","3645":"x","3646":"(","3647":"p","3648":"r","3649":"o","3650":"p","3651":"s","3652":".","3653":"b","3654":"o","3655":"x","3656":"N","3657":")","3658":"]","3659":" ","3660":"|","3661":"|","3662":" ","3663":"'","3664":"'","3665":"\\","3666":"r","3667":"\\","3668":"n","3669":" ","3670":" ","3671":" ","3672":" ","3673":"}","3674":"\\","3675":"r","3676":"\\","3677":"n","3678":"}","3679":")","3680":"\\","3681":"r","3682":"\\","3683":"n","3684":"\\","3685":"r","3686":"\\","3687":"n","3688":"c","3689":"o","3690":"n","3691":"s","3692":"t","3693":" ","3694":"c","3695":"l","3696":"a","3697":"s","3698":"s","3699":"O","3700":"b","3701":"j","3702":"e","3703":"c","3704":"t","3705":" ","3706":"=","3707":" ","3708":"c","3709":"o","3710":"m","3711":"p","3712":"u","3713":"t","3714":"e","3715":"d","3716":"(","3717":"(","3718":")","3719":" ","3720":"=","3721":">","3722":" ","3723":"(","3724":"{","3725":"\\","3726":"r","3727":"\\","3728":"n","3729":" ","3730":" ","3731":" ","3732":" ","3733":"'","3734":"s","3735":"o","3736":"o","3737":"n","3738":"-","3739":"t","3740":"o","3741":"-","3742":"e","3743":"x","3744":"p","3745":"l","3746":"o","3747":"d","3748":"e","3749":"'","3750":":","3751":" ","3752":"b","3753":"l","3754":"i","3755":"n","3756":"k","3757":"i","3758":"n","3759":"g","3760":"B","3761":"o","3762":"x","3763":"e","3764":"s","3765":"N","3766":".","3767":"v","3768":"a","3769":"l","3770":"u","3771":"e","3772":".","3773":"i","3774":"n","3775":"c","3776":"l","3777":"u","3778":"d","3779":"e","3780":"s","3781":"(","3782":"p","3783":"r","3784":"o","3785":"p","3786":"s","3787":".","3788":"b","3789":"o","3790":"x","3791":"N","3792":")","3793":",","3794":"\\","3795":"r","3796":"\\","3797":"n","3798":" ","3799":" ","3800":" ","3801":" ","3802":"'","3803":"b","3804":"o","3805":"x","3806":"-","3807":"e","3808":"x","3809":"p","3810":"l","3811":"o","3812":"s","3813":"i","3814":"o","3815":"n","3816":"'","3817":":","3818":" ","3819":"e","3820":"x","3821":"p","3822":"l","3823":"o","3824":"d","3825":"i","3826":"n","3827":"g","3828":"B","3829":"o","3830":"x","3831":"e","3832":"s","3833":"N","3834":".","3835":"v","3836":"a","3837":"l","3838":"u","3839":"e","3840":".","3841":"i","3842":"n","3843":"c","3844":"l","3845":"u","3846":"d","3847":"e","3848":"s","3849":"(","3850":"p","3851":"r","3852":"o","3853":"p","3854":"s","3855":".","3856":"b","3857":"o","3858":"x","3859":"N","3860":")","3861":",","3862":"\\","3863":"r","3864":"\\","3865":"n","3866":" ","3867":" ","3868":" ","3869":" ","3870":"'","3871":"a","3872":"r","3873":"r","3874":"o","3875":"w","3876":"'","3877":":","3878":" ","3879":"i","3880":"s","3881":"A","3882":"r","3883":"r","3884":"o","3885":"w","3886":".","3887":"v","3888":"a","3889":"l","3890":"u","3891":"e","3892":",","3893":"\\","3894":"r","3895":"\\","3896":"n","3897":" ","3898":" ","3899":" ","3900":" ","3901":"'","3902":"b","3903":"o","3904":"x","3905":"'","3906":":","3907":" ","3908":"!","3909":"(","3910":"c","3911":"o","3912":"l","3913":"I","3914":"n","3915":"d","3916":"e","3917":"x","3918":"(","3919":"p","3920":"r","3921":"o","3922":"p","3923":"s","3924":".","3925":"b","3926":"o","3927":"x","3928":"N","3929":")","3930":" ","3931":"=","3932":"=","3933":"=","3934":" ","3935":"a","3936":"r","3937":"r","3938":"o","3939":"w","3940":"I","3941":"n","3942":"d","3943":"e","3944":"x","3945":".","3946":"v","3947":"a","3948":"l","3949":"u","3950":"e","3951":")","3952":",","3953":"\\","3954":"r","3955":"\\","3956":"n","3957":" ","3958":" ","3959":" ","3960":" ","3961":"'","3962":"b","3963":"o","3964":"x","3965":"-","3966":"s","3967":"e","3968":"l","3969":"e","3970":"c","3971":"t","3972":"e","3973":"d","3974":"'","3975":":","3976":" ","3977":"c","3978":"o","3979":"l","3980":"I","3981":"n","3982":"d","3983":"e","3984":"x","3985":"(","3986":"p","3987":"r","3988":"o","3989":"p","3990":"s","3991":".","3992":"b","3993":"o","3994":"x","3995":"N","3996":")","3997":" ","3998":"=","3999":"=","4000":"=","4001":" ","4002":"a","4003":"r","4004":"r","4005":"o","4006":"w","4007":"I","4008":"n","4009":"d","4010":"e","4011":"x","4012":".","4013":"v","4014":"a","4015":"l","4016":"u","4017":"e","4018":"\\","4019":"r","4020":"\\","4021":"n","4022":" ","4023":" ","4024":" ","4025":" ","4026":"}","4027":")","4028":")","4029":"\\","4030":"r","4031":"\\","4032":"n","4033":"<","4034":"/","4035":"s","4036":"c","4037":"r","4038":"i","4039":"p","4040":"t","4041":">","4042":"\\","4043":"r","4044":"\\","4045":"n","4046":"\\","4047":"r","4048":"\\","4049":"n","4050":"<","4051":"s","4052":"t","4053":"y","4054":"l","4055":"e","4056":" ","4057":"s","4058":"c","4059":"o","4060":"p","4061":"e","4062":"d","4063":">","4064":"\\","4065":"r","4066":"\\","4067":"n","4068":".","4069":"b","4070":"o","4071":"x","4072":" ","4073":"{","4074":"\\","4075":"r","4076":"\\","4077":"n","4078":" ","4079":" ","4080":" ","4081":" ","4082":"b","4083":"o","4084":"r","4085":"d","4086":"e","4087":"r","4088":":","4089":" ","4090":"1","4091":"p","4092":"x","4093":" ","4094":"s","4095":"o","4096":"l","4097":"i","4098":"d","4099":" ","4100":"b","4101":"l","4102":"a","4103":"c","4104":"k","4105":";","4106":"\\","4107":"r","4108":"\\","4109":"n","4110":" ","4111":" ","4112":" ","4113":" ","4114":"w","4115":"i","4116":"d","4117":"t","4118":"h","4119":":","4120":" ","4121":"5","4122":"0","4123":"p","4124":"x","4125":";","4126":"\\","4127":"r","4128":"\\","4129":"n","4130":" ","4131":" ","4132":" ","4133":" ","4134":"h","4135":"e","4136":"i","4137":"g","4138":"h","4139":"t","4140":":","4141":" ","4142":"5","4143":"0","4144":"p","4145":"x","4146":";","4147":"\\","4148":"r","4149":"\\","4150":"n","4151":"}","4152":"\\","4153":"r","4154":"\\","4155":"n","4156":"\\","4157":"r","4158":"\\","4159":"n","4160":".","4161":"b","4162":"o","4163":"x","4164":"-","4165":"s","4166":"e","4167":"l","4168":"e","4169":"c","4170":"t","4171":"e","4172":"d","4173":" ","4174":"{","4175":"\\","4176":"r","4177":"\\","4178":"n","4179":" ","4180":" ","4181":" ","4182":" ","4183":"b","4184":"o","4185":"r","4186":"d","4187":"e","4188":"r","4189":":","4190":" ","4191":"3","4192":"p","4193":"x","4194":" ","4195":"s","4196":"o","4197":"l","4198":"i","4199":"d","4200":" ","4201":"b","4202":"l","4203":"a","4204":"c","4205":"k","4206":";","4207":"\\","4208":"r","4209":"\\","4210":"n","4211":" ","4212":" ","4213":" ","4214":" ","4215":"w","4216":"i","4217":"d","4218":"t","4219":"h","4220":":","4221":" ","4222":"4","4223":"6","4224":"p","4225":"x","4226":";","4227":"\\","4228":"r","4229":"\\","4230":"n","4231":" ","4232":" ","4233":" ","4234":" ","4235":"h","4236":"e","4237":"i","4238":"g","4239":"h","4240":"t","4241":":","4242":" ","4243":"4","4244":"6","4245":"p","4246":"x","4247":";","4248":"\\","4249":"r","4250":"\\","4251":"n","4252":"}","4253":"\\","4254":"r","4255":"\\","4256":"n","4257":"\\","4258":"r","4259":"\\","4260":"n","4261":"@","4262":"m","4263":"e","4264":"d","4265":"i","4266":"a","4267":" ","4268":"(","4269":"m","4270":"a","4271":"x","4272":"-","4273":"h","4274":"e","4275":"i","4276":"g","4277":"h","4278":"t","4279":":","4280":" ","4281":"9","4282":"0","4283":"0","4284":"p","4285":"x","4286":")","4287":" ","4288":"{","4289":"\\","4290":"r","4291":"\\","4292":"n","4293":" ","4294":" ","4295":" ","4296":" ","4297":".","4298":"b","4299":"o","4300":"x","4301":" ","4302":"{","4303":"\\","4304":"r","4305":"\\","4306":"n","4307":" ","4308":" ","4309":" ","4310":" ","4311":" ","4312":" ","4313":" ","4314":" ","4315":"w","4316":"i","4317":"d","4318":"t","4319":"h","4320":":","4321":" ","4322":"3","4323":"5","4324":"p","4325":"x","4326":";","4327":"\\","4328":"r","4329":"\\","4330":"n","4331":" ","4332":" ","4333":" ","4334":" ","4335":" ","4336":" ","4337":" ","4338":" ","4339":"h","4340":"e","4341":"i","4342":"g","4343":"h","4344":"t","4345":":","4346":" ","4347":"3","4348":"5","4349":"p","4350":"x","4351":";","4352":"\\","4353":"r","4354":"\\","4355":"n","4356":" ","4357":" ","4358":" ","4359":" ","4360":"}","4361":"\\","4362":"r","4363":"\\","4364":"n","4365":"\\","4366":"r","4367":"\\","4368":"n","4369":" ","4370":" ","4371":" ","4372":" ","4373":".","4374":"b","4375":"o","4376":"x","4377":"-","4378":"s","4379":"e","4380":"l","4381":"e","4382":"c","4383":"t","4384":"e","4385":"d","4386":" ","4387":"{","4388":"\\","4389":"r","4390":"\\","4391":"n","4392":" ","4393":" ","4394":" ","4395":" ","4396":" ","4397":" ","4398":" ","4399":" ","4400":"w","4401":"i","4402":"d","4403":"t","4404":"h","4405":":","4406":" ","4407":"3","4408":"2","4409":"p","4410":"x","4411":";","4412":"\\","4413":"r","4414":"\\","4415":"n","4416":" ","4417":" ","4418":" ","4419":" ","4420":" ","4421":" ","4422":" ","4423":" ","4424":"h","4425":"e","4426":"i","4427":"g","4428":"h","4429":"t","4430":":","4431":" ","4432":"3","4433":"2","4434":"p","4435":"x","4436":";","4437":"\\","4438":"r","4439":"\\","4440":"n","4441":" ","4442":" ","4443":" ","4444":" ","4445":"}","4446":"\\","4447":"r","4448":"\\","4449":"n","4450":"}","4451":"\\","4452":"r","4453":"\\","4454":"n","4455":"\\","4456":"r","4457":"\\","4458":"n","4459":".","4460":"a","4461":"r","4462":"r","4463":"o","4464":"w","4465":" ","4466":"{","4467":"\\","4468":"r","4469":"\\","4470":"n","4471":" ","4472":" ","4473":" ","4474":" ","4475":"b","4476":"a","4477":"c","4478":"k","4479":"g","4480":"r","4481":"o","4482":"u","4483":"n","4484":"d","4485":"-","4486":"s","4487":"i","4488":"z","4489":"e","4490":":","4491":" ","4492":"9","4493":"0","4494":"%","4495":";","4496":"\\","4497":"r","4498":"\\","4499":"n","4500":" ","4501":" ","4502":" ","4503":" ","4504":"b","4505":"a","4506":"c","4507":"k","4508":"g","4509":"r","4510":"o","4511":"u","4512":"n","4513":"d","4514":"-","4515":"p","4516":"o","4517":"s","4518":"i","4519":"t","4520":"i","4521":"o","4522":"n","4523":":","4524":" ","4525":"c","4526":"e","4527":"n","4528":"t","4529":"e","4530":"r","4531":";","4532":"\\","4533":"r","4534":"\\","4535":"n","4536":" ","4537":" ","4538":" ","4539":" ","4540":"b","4541":"a","4542":"c","4543":"k","4544":"g","4545":"r","4546":"o","4547":"u","4548":"n","4549":"d","4550":"-","4551":"r","4552":"e","4553":"p","4554":"e","4555":"a","4556":"t","4557":":","4558":" ","4559":"n","4560":"o","4561":"-","4562":"r","4563":"e","4564":"p","4565":"e","4566":"a","4567":"t","4568":";","4569":"\\","4570":"r","4571":"\\","4572":"n","4573":" ","4574":" ","4575":" ","4576":" ","4577":"b","4578":"a","4579":"c","4580":"k","4581":"g","4582":"r","4583":"o","4584":"u","4585":"n","4586":"d","4587":"-","4588":"i","4589":"m","4590":"a","4591":"g","4592":"e","4593":":","4594":" ","4595":"u","4596":"r","4597":"l","4598":"(","4599":"'","4600":"a","4601":"r","4602":"r","4603":"o","4604":"w","4605":"_","4606":"u","4607":"p","4608":".","4609":"p","4610":"n","4611":"g","4612":"'","4613":")","4614":";","4615":"\\","4616":"r","4617":"\\","4618":"n","4619":"\\","4620":"r","4621":"\\","4622":"n","4623":" ","4624":" ","4625":" ","4626":" ","4627":"a","4628":"n","4629":"i","4630":"m","4631":"a","4632":"t","4633":"i","4634":"o","4635":"n","4636":":","4637":" ","4638":"a","4639":"r","4640":"r","4641":"o","4642":"w","4643":"A","4644":"n","4645":"i","4646":"m","4647":"a","4648":"t","4649":"i","4650":"o","4651":"n","4652":" ","4653":"0","4654":".","4655":"6","4656":"s","4657":" ","4658":"i","4659":"n","4660":"f","4661":"i","4662":"n","4663":"i","4664":"t","4665":"e","4666":";","4667":"\\","4668":"r","4669":"\\","4670":"n","4671":"}","4672":"\\","4673":"r","4674":"\\","4675":"n","4676":"\\","4677":"r","4678":"\\","4679":"n","4680":"@","4681":"k","4682":"e","4683":"y","4684":"f","4685":"r","4686":"a","4687":"m","4688":"e","4689":"s","4690":" ","4691":"a","4692":"r","4693":"r","4694":"o","4695":"w","4696":"A","4697":"n","4698":"i","4699":"m","4700":"a","4701":"t","4702":"i","4703":"o","4704":"n","4705":" ","4706":"{","4707":"\\","4708":"r","4709":"\\","4710":"n","4711":" ","4712":" ","4713":" ","4714":" ","4715":"5","4716":"0","4717":"%","4718":" ","4719":"{","4720":"\\","4721":"r","4722":"\\","4723":"n","4724":" ","4725":" ","4726":" ","4727":" ","4728":" ","4729":" ","4730":" ","4731":" ","4732":"b","4733":"a","4734":"c","4735":"k","4736":"g","4737":"r","4738":"o","4739":"u","4740":"n","4741":"d","4742":"-","4743":"p","4744":"o","4745":"s","4746":"i","4747":"t","4748":"i","4749":"o","4750":"n","4751":"-","4752":"y","4753":":","4754":" ","4755":"1","4756":"%","4757":";","4758":"\\","4759":"r","4760":"\\","4761":"n","4762":" ","4763":" ","4764":" ","4765":" ","4766":"}","4767":"\\","4768":"r","4769":"\\","4770":"n","4771":"}","4772":"\\","4773":"r","4774":"\\","4775":"n","4776":"\\","4777":"r","4778":"\\","4779":"n","4780":".","4781":"b","4782":"o","4783":"x","4784":"-","4785":"e","4786":"x","4787":"p","4788":"l","4789":"o","4790":"s","4791":"i","4792":"o","4793":"n","4794":" ","4795":"{","4796":"\\","4797":"r","4798":"\\","4799":"n","4800":" ","4801":" ","4802":" ","4803":" ","4804":"a","4805":"n","4806":"i","4807":"m","4808":"a","4809":"t","4810":"i","4811":"o","4812":"n","4813":":","4814":" ","4815":"e","4816":"x","4817":"p","4818":"l","4819":"o","4820":"s","4821":"i","4822":"o","4823":"n","4824":" ","4825":"0","4826":".","4827":"2","4828":"s","4829":" ","4830":"l","4831":"i","4832":"n","4833":"e","4834":"a","4835":"r","4836":";","4837":"\\","4838":"r","4839":"\\","4840":"n","4841":"}","4842":"\\","4843":"r","4844":"\\","4845":"n","4846":"\\","4847":"r","4848":"\\","4849":"n","4850":"@","4851":"k","4852":"e","4853":"y","4854":"f","4855":"r","4856":"a","4857":"m","4858":"e","4859":"s","4860":" ","4861":"e","4862":"x","4863":"p","4864":"l","4865":"o","4866":"s","4867":"i","4868":"o","4869":"n","4870":" ","4871":"{","4872":"\\","4873":"r","4874":"\\","4875":"n","4876":" ","4877":" ","4878":" ","4879":" ","4880":"0","4881":"%","4882":" ","4883":"{","4884":"\\","4885":"r","4886":"\\","4887":"n","4888":" ","4889":" ","4890":" ","4891":" ","4892":" ","4893":" ","4894":" ","4895":" ","4896":"b","4897":"a","4898":"c","4899":"k","4900":"g","4901":"r","4902":"o","4903":"u","4904":"n","4905":"d","4906":"-","4907":"i","4908":"m","4909":"a","4910":"g","4911":"e","4912":":","4913":" ","4914":"u","4915":"r","4916":"l","4917":"(","4918":"'","4919":"/","4920":"e","4921":"x","4922":"p","4923":"l","4924":"o","4925":"t","4926":"i","4927":"o","4928":"n","4929":".","4930":"w","4931":"e","4932":"b","4933":"p","4934":"'","4935":")","4936":";","4937":"\\","4938":"r","4939":"\\","4940":"n","4941":" ","4942":" ","4943":" ","4944":" ","4945":" ","4946":" ","4947":" ","4948":" ","4949":"b","4950":"a","4951":"c","4952":"k","4953":"g","4954":"r","4955":"o","4956":"u","4957":"n","4958":"d","4959":"-","4960":"s","4961":"i","4962":"z","4963":"e","4964":":","4965":" ","4966":"c","4967":"o","4968":"n","4969":"t","4970":"a","4971":"i","4972":"n","4973":";","4974":"\\","4975":"r","4976":"\\","4977":"n","4978":" ","4979":" ","4980":" ","4981":" ","4982":"}","4983":"\\","4984":"r","4985":"\\","4986":"n","4987":"\\","4988":"r","4989":"\\","4990":"n","4991":" ","4992":" ","4993":" ","4994":" ","4995":"7","4996":"5","4997":"%","4998":" ","4999":"{","5000":"\\","5001":"r","5002":"\\","5003":"n","5004":" ","5005":" ","5006":" ","5007":" ","5008":" ","5009":" ","5010":" ","5011":" ","5012":"b","5013":"a","5014":"c","5015":"k","5016":"g","5017":"r","5018":"o","5019":"u","5020":"n","5021":"d","5022":"-","5023":"c","5024":"o","5025":"l","5026":"o","5027":"r","5028":":","5029":" ","5030":"a","5031":"l","5032":"i","5033":"c","5034":"e","5035":"b","5036":"l","5037":"u","5038":"e","5039":";","5040":"\\","5041":"r","5042":"\\","5043":"n","5044":" ","5045":" ","5046":" ","5047":" ","5048":"}","5049":"\\","5050":"r","5051":"\\","5052":"n","5053":"\\","5054":"r","5055":"\\","5056":"n","5057":" ","5058":" ","5059":" ","5060":" ","5061":"1","5062":"0","5063":"0","5064":"%","5065":" ","5066":"{","5067":"\\","5068":"r","5069":"\\","5070":"n","5071":" ","5072":" ","5073":" ","5074":" ","5075":" ","5076":" ","5077":" ","5078":" ","5079":"b","5080":"a","5081":"c","5082":"k","5083":"g","5084":"r","5085":"o","5086":"u","5087":"n","5088":"d","5089":"-","5090":"c","5091":"o","5092":"l","5093":"o","5094":"r","5095":":","5096":" ","5097":"a","5098":"l","5099":"i","5100":"c","5101":"e","5102":"b","5103":"l","5104":"u","5105":"e","5106":";","5107":"\\","5108":"r","5109":"\\","5110":"n","5111":" ","5112":" ","5113":" ","5114":" ","5115":" ","5116":" ","5117":" ","5118"
[...]
,"C:\\Users\\micha\\Desktop\\boxBreakerVue-Pinia\\src\\modules\\gameLogic\\generateInitialGrid.ts": {"path":"C:\\Users\\micha\\Desktop\\boxBreakerVue-Pinia\\src\\modules\\gameLogic\\generateInitialGrid.ts","statementMap":{"0":{"start":{"line":5,"column":35},"end":{"line":17,"column":1}},"1":{"start":{"line":6,"column":33},"end":{"line":6,"column":86}},"2":{"start":{"line":6,"column":61},"end":{"line":6,"column":85}},"3":{"start":{"line":8,"column":4},"end":{"line":15,"column":5}},"4":{"start":{"line":8,"column":17},"end":{"line":8,"column":18}},"5":{"start":{"line":9,"column":8},"end":{"line":14,"column":9}},"6":{"start":{"line":9,"column":21},"end":{"line":9,"column":22}},"7":{"start":{"line":10,"column":12},"end":{"line":13,"column":13}},"8":{"start":{"line":11,"column":30},"end":{"line":11,"column":43}},"9":{"start":{"line":12,"column":16},"end":{"line":12,"column":44}},"10":{"start":{"line":16,"column":4},"end":{"line":16,"column":21}}},"fnMap":{"0":{"name":"(anonymous_0)","decl":{"start":{"line":5,"column":35},"end":{"line":5,"column":36}},"loc":{"start":{"line":5,"column":41},"end":{"line":17,"column":1}},"line":5},"1":{"name":"(anonymous_1)","decl":{"start":{"line":6,"column":55},"end":{"line":6,"column":56}},"loc":{"start":{"line":6,"column":61},"end":{"line":6,"column":85}},"line":6}},"branchMap":{"0":{"loc":{"start":{"line":10,"column":12},"end":{"line":13,"column":13}},"type":"if","locations":[{"start":{"line":10,"column":12},"end":{"line":13,"column":13}},{"start":{},"end":{}}],"line":10}},"s":{"0":9,"1":65,"2":1300,"3":65,"4":65,"5":1300,"6":1300,"7":13000,"8":1300,"9":1300,"10":65},"f":{"0":65,"1":1300},"b":{"0":[1300,11700]},"_coverageSchema":"1a1c01bbd47fc00a2c39e90264f33305004495a9","hash":"5989334c71e5e6562793c5e5a15ef378805a2fc9"}
,"C:\\Users\\micha\\Desktop\\boxBreakerVue-Pinia\\src\\modules\\gameLogic\\generateNewLine.ts": {"path":"C:\\Users\\micha\\Desktop\\boxBreakerVue-Pinia\\src\\modules\\gameLogic\\generateNewLine.ts","statementMap":{"0":{"start":{"line":4,"column":31},"end":{"line":10,"column":1}},"1":{"start":{"line":5,"column":30},"end":{"line":8,"column":6}},"2":{"start":{"line":6,"column":22},"end":{"line":6,"column":35}},"3":{"start":{"line":7,"column":8},"end":{"line":7,"column":25}},"4":{"start":{"line":9,"column":4},"end":{"line":9,"column":15}}},"fnMap":{"0":{"name":"(anonymous_0)","decl":{"start":{"line":4,"column":31},"end":{"line":4,"column":32}},"loc":{"start":{"line":4,"column":37},"end":{"line":10,"column":1}},"line":4},"1":{"name":"(anonymous_1)","decl":{"start":{"line":5,"column":56},"end":{"line":5,"column":57}},"loc":{"start":{"line":5,"column":62},"end":{"line":8,"column":5}},"line":5}},"branchMap":{},"s":{"0":9,"1":39,"2":390,"3":390,"4":39},"f":{"0":39,"1":390},"b":{},"_coverageSchema":"1a1c01bbd47fc00a2c39e90264f33305004495a9","hash":"dfaf7e3c6f1609ff17a9690e649b1e22bf6ca512"}
,"C:\\Users\\micha\\Desktop\\boxBreakerVue-Pinia\\src\\modules\\gameLogic\\index.ts": {"path":"C:\\Users\\micha\\Desktop\\boxBreakerVue-Pinia\\src\\modules\\gameLogic\\index.ts","statementMap":{},"fnMap":{},"branchMap":{},"s":{},"f":{},"b":{},"_coverageSchema":"1a1c01bbd47fc00a2c39e90264f33305004495a9","hash":"a0f8a5cbe7a0fc69dad6729cfbb9adba2a3f9d53"}
,"C:\\Users\\micha\\Desktop\\boxBreakerVue-Pinia\\src\\modules\\gameLogic\\randomColor.ts": {"path":"C:\\Users\\micha\\Desktop\\boxBreakerVue-Pinia\\src\\modules\\gameLogic\\randomColor.ts","statementMap":{"0":{"start":{"line":4,"column":27},"end":{"line":9,"column":1}},"1":{"start":{"line":5,"column":32},"end":{"line":5,"column":89}},"2":{"start":{"line":6,"column":24},"end":{"line":6,"column":61}},"3":{"start":{"line":8,"column":4},"end":{"line":8,"column":44}}},"fnMap":{"0":{"name":"(anonymous_0)","decl":{"start":{"line":4,"column":27},"end":{"line":4,"column":28}},"loc":{"start":{"line":4,"column":46},"end":{"line":9,"column":1}},"line":4}},"branchMap":{},"s":{"0":9,"1":1711,"2":1711,"3":1711},"f":{"0":1711},"b":{},"_coverageSchema":"1a1c01bbd47fc00a2c39e90264f33305004495a9","hash":"ec4e45cb8664ac62e827b6d803712961a96707e1"}
,"C:\\Users\\micha\\Desktop\\boxBreakerVue-Pinia\\src\\modules\\gameLogic\\timeouts.ts": {"path":"C:\\Users\\micha\\Desktop\\boxBreakerVue-Pinia\\src\\modules\\gameLogic\\timeouts.ts","statementMap":{"0":{"start":{"line":4,"column":26},"end":{"line":10,"column":1}},"1":{"start":{"line":5,"column":4},"end":{"line":5,"column":81}},"2":{"start":{"line":6,"column":4},"end":{"line":6,"column":41}},"3":{"start":{"line":8,"column":4},"end":{"line":8,"column":105}},"4":{"start":{"line":9,"column":4},"end":{"line":9,"column":53}},"5":{"start":{"line":12,"column":21},"end":{"line":27,"column":1}},"6":{"start":{"line":13,"column":4},"end":{"line":26,"column":7}},"7":{"start":{"line":14,"column":8},"end":{"line":25,"column":9}},"8":{"start":{"line":15,"column":28},"end":{"line":20,"column":20}},"9":{"start":{"line":16,"column":16},"end":{"line":16,"column":61}},"10":{"start":{"line":17,"column":16},"end":{"line":17,"column":42}},"11":{"start":{"line":18,"column":16},"end":{"line":18,"column":42}},"12":{"start":{"line":19,"column":16},"end":{"line":19,"column":26}},"13":{"start":{"line":22,"column":12},"end":{"line":22,"column":52}},"14":{"start":{"line":24,"column":12},"end":{"line":24,"column":39}}},"fnMap":{"0":{"name":"(anonymous_0)","decl":{"start":{"line":4,"column":26},"end":{"line":4,"column":27}},"loc":{"start":{"line":4,"column":53},"end":{"line":10,"column":1}},"line":4},"1":{"name":"(anonymous_1)","decl":{"start":{"line":12,"column":21},"end":{"line":12,"column":22}},"loc":{"start":{"line":12,"column":71},"end":{"line":27,"column":1}},"line":12},"2":{"name":"(anonymous_2)","decl":{"start":{"line":13,"column":29},"end":{"line":13,"column":30}},"loc":{"start":{"line":13,"column":50},"end":{"line":26,"column":5}},"line":13},"3":{"name":"(anonymous_3)","decl":{"start":{"line":15,"column":39},"end":{"line":15,"column":40}},"loc":{"start":{"line":15,"column":45},"end":{"line":20,"column":13}},"line":15}},"branchMap":{"0":{"loc":{"start":{"line":5,"column":4},"end":{"line":5,"column":80}},"type":"binary-expr","locations":[{"start":{"line":5,"column":4},"end":{"line":5,"column":33}},{"start":{"line":5,"column":37},"end":{"line":5,"column":80}}],"line":5},"1":{"loc":{"start":{"line":8,"column":4},"end":{"line":8,"column":104}},"type":"binary-expr","locations":[{"start":{"line":8,"column":4},"end":{"line":8,"column":45}},{"start":{"line":8,"column":49},"end":{"line":8,"column":104}}],"line":8}},"s":{"0":9,"1":1,"2":1,"3":1,"4":1,"5":9,"6":2,"7":2,"8":2,"9":1,"10":1,"11":1,"12":1,"13":2,"14":0},"f":{"0":1,"1":2,"2":2,"3":1},"b":{"0":[1,1],"1":[1,0]},"_coverageSchema":"1a1c01bbd47fc00a2c39e90264f33305004495a9","hash":"6a5ecacb76d29fbe3c12c262a89f44b1be7c38f0"}
,"C:\\Users\\micha\\Desktop\\boxBreakerVue-Pinia\\src\\stores\\appStateStore.ts": {"path":"C:\\Users\\micha\\Desktop\\boxBreakerVue-Pinia\\src\\stores\\appStateStore.ts","statementMap":{"0":{"start":{"line":8,"column":32},"end":{"line":127,"column":2}},"1":{"start":{"line":9,"column":37},"end":{"line":29,"column":5}},"2":{"start":{"line":32,"column":12},"end":{"line":32,"column":48}},"3":{"start":{"line":32,"column":33},"end":{"line":32,"column":48}},"4":{"start":{"line":33,"column":29},"end":{"line":33,"column":59}},"5":{"start":{"line":34,"column":43},"end":{"line":34,"column":64}},"6":{"start":{"line":35,"column":48},"end":{"line":35,"column":106}},"7":{"start":{"line":36,"column":40},"end":{"line":36,"column":83}},"8":{"start":{"line":37,"column":12},"end":{"line":37,"column":30}},"9":{"start":{"line":43,"column":12},"end":{"line":43,"column":38}},"10":{"start":{"line":46,"column":12},"end":{"line":50,"column":21}},"11":{"start":{"line":50,"column":14},"end":{"line":50,"column":21}},"12":{"start":{"line":52,"column":12},"end":{"line":52,"column":72}},"13":{"start":{"line":54,"column":12},"end":{"line":54,"column":92}},"14":{"start":{"line":55,"column":12},"end":{"line":55,"column":73}},"15":{"start":{"line":58,"column":12},"end":{"line":69,"column":13}},"16":{"start":{"line":58,"column":25},"end":{"line":58,"column":50}},"17":{"start":{"line":59,"column":16},"end":{"line":59,"column":109}},"18":{"start":{"line":59,"column":53},"end":{"line":59,"column":93}},"19":{"start":{"line":59,"column":103},"end":{"line":59,"column":109}},"20":{"start":{"line":61,"column":16},"end":{"line":68,"column":17}},"21":{"start":{"line":62,"column":20},"end":{"line":62,"column":29}},"22":{"start":{"line":64,"column":20},"end":{"line":64,"column":72}},"23":{"start":{"line":65,"column":20},"end":{"line":65,"column":62}},"24":{"start":{"line":66,"column":20},"end":{"line":66,"column":69}},"25":{"start":{"line":67,"column":20},"end":{"line":67,"column":26}},"26":{"start":{"line":72,"column":12},"end":{"line":108,"column":13}},"27":{"start":{"line":72,"column":30},"end":{"line":72,"column":51}},"28":{"start":{"line":74,"column":16},"end":{"line":77,"column":17}},"29":{"start":{"line":75,"column":20},"end":{"line":75,"column":38}},"30":{"start":{"line":76,"column":20},"end":{"line":76,"column":26}},"31":{"start":{"line":79,"column":16},"end":{"line":88,"column":17}},"32":{"start":{"line":80,"column":20},"end":{"line":86,"column":21}},"33":{"start":{"line":81,"column":24},"end":{"line":81,"column":81}},"34":{"start":{"line":82,"column":24},"end":{"line":82,"column":69}},"35":{"start":{"line":84,"column":24},"end":{"line":84,"column":85}},"36":{"start":{"line":85,"column":24},"end":{"line":85,"column":69}},"37":{"start":{"line":87,"column":20},"end":{"line":87,"column":42}},"38":{"start":{"line":89,"column":16},"end":{"line":89,"column":79}},"39":{"start":{"line":89,"column":70},"end":{"line":89,"column":79}},"40":{"start":{"line":91,"column":16},"end":{"line":98,"column":17}},"41":{"start":{"line":93,"column":49},"end":{"line":93,"column":59}},"42":{"start":{"line":94,"column":20},"end":{"line":94,"column":85}},"43":{"start":{"line":96,"column":20},"end":{"line":96,"column":74}},"44":{"start":{"line":97,"column":20},"end":{"line":97,"column":42}},"45":{"start":{"line":101,"column":16},"end":{"line":101,"column":77}},"46":{"start":{"line":101,"column":53},"end":{"line":101,"column":77}},"47":{"start":{"line":103,"column":16},"end":{"line":106,"column":17}},"48":{"start":{"line":104,"column":20},"end":{"line":104,"column":92}},"49":{"start":{"line":105,"column":20},"end":{"line":105,"column":46}},"50":{"start":{"line":107,"column":16},"end":{"line":107,"column":22}},"51":{"start":{"line":111,"column":12},"end":{"line":111,"column":43}},"52":{"start":{"line":111,"column":36},"end":{"line":111,"column":43}},"53":{"start":{"line":113,"column":12},"end":{"line":113,"column":100}},"54":{"start":{"line":113,"column":47},"end":{"line":113,"column":100}},"55":{"start":{"line":113,"column":86},"end":{"line":113,"column":98}},"56":{"start":{"line":114,"column":12},"end":{"line":114,"column":92}},"57":{"start":{"line":114,"column":43},"end":{"line":114,"column":92}},"58":{"start":{"line":114,"column":78},"end":{"line":114,"column":90}},"59":{"start":{"line":115,"column":12},"end":{"line":115,"column":110}},"60":{"start":{"line":115,"column":44},"end":{"line":115,"column":110}},"61":{"start":{"line":115,"column":98},"end":{"line":115,"column":108}},"62":{"start":{"line":117,"column":43},"end":{"line":117,"column":60}},"63":{"start":{"line":118,"column":12},"end":{"line":118,"column":33}},"64":{"start":{"line":119,"column":12},"end":{"line":119,"column":45}},"65":{"start":{"line":121,"column":43},"end":{"line":121,"column":111}},"66":{"start":{"line":121,"column":98},"end":{"line":121,"column":110}},"67":{"start":{"line":123,"column":12},"end":{"line":123,"column":58}},"68":{"start":{"line":123,"column":34},"end":{"line":123,"column":58}},"69":{"start":{"line":124,"column":12},"end":{"line":124,"column":88}},"70":{"start":{"line":124,"column":69},"end":{"line":124,"column":88}}},"fnMap":{"0":{"name":"(anonymous_0)","decl":{"start":{"line":9,"column":11},"end":{"line":9,"column":12}},"loc":{"start":{"line":9,"column":37},"end":{"line":29,"column":5}},"line":9},"1":{"name":"(anonymous_1)","decl":{"start":{"line":31,"column":8},"end":{"line":31,"column":9}},"loc":{"start":{"line":31,"column":27},"end":{"line":38,"column":9}},"line":31},"2":{"name":"(anonymous_2)","decl":{"start":{"line":42,"column":8},"end":{"line":42,"column":9}},"loc":{"start":{"line":42,"column":28},"end":{"line":44,"column":9}},"line":42},"3":{"name":"(anonymous_3)","decl":{"start":{"line":45,"column":8},"end":{"line":45,"column":9}},"loc":{"start":{"line":45,"column":49},"end":{"line":56,"column":9}},"line":45},"4":{"name":"(anonymous_4)","decl":{"start":{"line":57,"column":8},"end":{"line":57,"column":9}},"loc":{"start":{"line":57,"column":25},"end":{"line":70,"column":9}},"line":57},"5":{"name":"(anonymous_5)","decl":{"start":{"line":59,"column":46},"end":{"line":59,"column":47}},"loc":{"start":{"line":59,"column":53},"end":{"line":59,"column":93}},"line":59},"6":{"name":"(anonymous_6)","decl":{"start":{"line":71,"column":8},"end":{"line":71,"column":9}},"loc":{"start":{"line":71,"column":25},"end":{"line":109,"column":9}},"line":71},"7":{"name":"(anonymous_7)","decl":{"start":{"line":110,"column":8},"end":{"line":110,"column":9}},"loc":{"start":{"line":110,"column":25},"end":{"line":125,"column":9}},"line":110},"8":{"name":"(anonymous_8)","decl":{"start":{"line":113,"column":74},"end":{"line":113,"column":75}},"loc":{"start":{"line":113,"column":86},"end":{"line":113,"column":98}},"line":113},"9":{"name":"(anonymous_9)","decl":{"start":{"line":114,"column":66},"end":{"line":114,"column":67}},"loc":{"start":{"line":114,"column":78},"end":{"line":114,"column":90}},"line":114},"10":{"name":"(anonymous_10)","decl":{"start":{"line":115,"column":90},"end":{"line":115,"column":91}},"loc":{"start":{"line":115,"column":98},"end":{"line":115,"column":108}},"line":115},"11":{"name":"(anonymous_11)","decl":{"start":{"line":121,"column":91},"end":{"line":121,"column":92}},"loc":{"start":{"line":121,"column":98},"end":{"line":121,"column":110}},"line":121}},"branchMap":{"0":{"loc":{"start":{"line":32,"column":12},"end":{"line":32,"column":48}},"type":"if","locations":[{"start":{"line":32,"column":12},"end":{"line":32,"column":48}},{"start":{},"end":{}}],"line":32},"1":{"loc":{"start":{"line":46,"column":12},"end":{"line":50,"column":21}},"type":"if","locations":[{"start":{"line":46,"column":12},"end":{"line":50,"column":21}},{"start":{},"end":{}}],"line":46},"2":{"loc":{"start":{"line":47,"column":16},"end":{"line":49,"column":102}},"type":"binary-expr","locations":[{"start":{"line":47,"column":16},"end":{"line":47,"column":54}},{"start":{"line":47,"column":58},"end":{"line":47,"column":102}},{"start":{"line":49,"column":16},"end":{"line":49,"column":55}},{"start":{"line":49,"column":59},"end":{"line":49,"column":102}}],"line":47},"3":{"loc":{"start":{"line":54,"column":12},"end":{"line":54,"column":91}},"type":"cond-expr","locations":[{"start":{"line":54,"column":54},"end":{"line":54,"column":71}},{"start":{"line":54,"column":74},"end":{"line":54,"column":91}}],"line":54},"4":{"loc":{"start":{"line":59,"column":16},"end":{"line":59,"column":109}},"type":"if","locations":[{"start":{"line":59,"column":16},"end":{"line":59,"column":109}},{"start":{},"end":{}}],"line":59},"5":{"loc":{"start":{"line":59,"column":53},"end":{"line":59,"column":93}},"type":"binary-expr","locations":[{"start":{"line":59,"column":53},"end":{"line":59,"column":64}},{"start":{"line":59,"column":68},"end":{"line":59,"column":93}}],"line":59},"6":{"loc":{"start":{"line":61,"column":16},"end":{"line":68,"column":17}},"type":"if","locations":[{"start":{"line":61,"column":16},"end":{"line":68,"column":17}},{"start":{"line":63,"column":23},"end":{"line":68,"column":17}}],"line":61},"7":{"loc":{"start":{"line":74,"column":16},"end":{"line":77,"column":17}},"type":"if","locations":[{"start":{"line":74,"column":16},"end":{"line":77,"column":17}},{"start":{},"end":{}}],"line":74},"8":{"loc":{"start":{"line":74,"column":20},"end":{"line":74,"column":108}},"type":"binary-expr","locations":[{"start":{"line":74,"column":20},"end":{"line":74,"column":56}},{"start":{"line":74,"column":60},"end":{"line":74,"column":108}}],"line":74},"9":{"loc":{"start":{"line":79,"column":16},"end":{"line":88,"column":17}},"type":"if","locations":[{"start":{"line":79,"column":16},"end":{"line":88,"column":17}},{"start":{},"end":{}}],"line":79},"10":{"loc":{"start":{"line":80,"column":20},"end":{"line":86,"column":21}},"type":"if","locations":[{"start":{"line":80,"column":20},"end":{"line":86,"column":21}},{"start":{"line":83,"column":27},"end":{"line":86,"column":21}}],"line":80},"11":{"loc":{"start":{"line":89,"column":16},"end":{"line":89,"column":79}},"type":"if","locations":[{"start":{"line":89,"column":16},"end":{"line":89,"column":79}},{"start":{},"end":{}}],"line":89},"12":{"loc":{"start":{"line":91,"column":16},"end":{"line":98,"column":17}},"type":"if","locations":[{"start":{"line":91,"column":16},"end":{"line":98,"column":17}},{"start":{},"end":{}}],"line":91},"13":{"loc":{"start":{"line":101,"column":16},"end":{"line":101,"column":77}},"type":"if","locations":[{"start":{"line":101,"column":16},"end":{"line":101,"column":77}},{"start":{},"end":{}}],"line":101},"14":{"loc":{"start":{"line":103,"column":16},"end":{"line":106,"column":17}},"type":"if","locations":[{"start":{"line":103,"column":16},"end":{"line":106,"column":17}},{"start":{},"end":{}}],"line":103},"15":{"loc":{"start":{"line":111,"column":12},"end":{"line":111,"column":43}},"type":"if","locations":[{"start":{"line":111,"column":12},"end":{"line":111,"column":43}},{"start":{},"end":{}}],"line":111},"16":{"loc":{"start":{"line":113,"column":12},"end":{"line":113,"column":100}},"type":"if","locations":[{"start":{"line":113,"column":12},"end":{"line":113,"column":100}},{"start":{},"end":{}}],"line":113},"17":{"loc":{"start":{"line":114,"column":12},"end":{"line":114,"column":92}},"type":"if","locations":[{"start":{"line":114,"column":12},"end":{"line":114,"column":92}},{"start":{},"end":{}}],"line":114},"18":{"loc":{"start":{"line":115,"column":12},"end":{"line":115,"column":110}},"type":"if","locations":[{"start":{"line":115,"column":12},"end":{"line":115,"column":110}},{"start":{},"end":{}}],"line":115},"19":{"loc":{"start":{"line":123,"column":12},"end":{"line":123,"column":58}},"type":"if","locations":[{"start":{"line":123,"column":12},"end":{"line":123,"column":58}},{"start":{},"end":{}}],"line":123},"20":{"loc":{"start":{"line":124,"column":12},"end":{"line":124,"column":88}},"type":"if","locations":[{"start":{"line":124,"column":12},"end":{"line":124,"column":88}},{"start":{},"end":{}}],"line":124}},"s":{"0":5,"1":65,"2":1,"3":1,"4":0,"5":0,"6":0,"7":0,"8":0,"9":2,"10":42,"11":22,"12":20,"13":20,"14":20,"15":4,"16":4,"17":72,"18":0,"19":0,"20":72,"21":68,"22":4,"23":4,"24":4,"25":4,"26":3,"27":3,"28":4,"29":0,"30":0,"31":4,"32":1,"33":0,"34":0,"35":1,"36":1,"37":1,"38":4,"39":1,"40":3,"41":2,"42":2,"43":2,"44":2,"45":3,"46":2,"47":3,"48":3,"49":3,"50":3,"51":20,"52":1,"53":19,"54":0,"55":0,"56":19,"57":0,"58":0,"59":19,"60":0,"61":0,"62":19,"63":19,"64":19,"65":19,"66":19,"67":19,"68":19,"69":19,"70":1},"f":{"0":65,"1":1,"2":2,"3":42,"4":4,"5":0,"6":3,"7":20,"8":0,"9":0,"10":0,"11":19},"b":{"0":[1,0],"1":[22,20],"2":[42,21,32,21],"3":[9,11],"4":[0,72],"5":[0,0],"6":[68,4],"7":[0,4],"8":[4,0],"9":[1,3],"10":[0,1],"11":[1,3],"12":[2,1],"13":[2,1],"14":[3,0],"15":[1,19],"16":[0,19],"17":[0,19],"18":[0,19],"19":[19,0],"20":[1,18]},"_coverageSchema":"1a1c01bbd47fc00a2c39e90264f33305004495a9","hash":"2133e3a035fb4697937fc79aaaedf19606a636a2"}
}
