TN:
SF:src\components\GameOverBanner.vue
FN:16,(anonymous_0)
FN:20,(anonymous_1)
FN:41,render
FNF:3
FNH:3
FNDA:2,(anonymous_0)
FNDA:2,(anonymous_1)
FNDA:2,render
DA:3,1
DA:6,1
DA:7,1
DA:8,1
DA:17,2
DA:18,2
DA:19,2
DA:20,2
DA:21,2
DA:26,2
DA:30,2
DA:34,2
DA:38,1
DA:39,1
DA:40,1
DA:42,2
DA:49,1
DA:50,1
LF:18
LH:18
BRF:0
BRH:0
end_of_record
TN:
SF:src\components\GridBox.vue
FN:20,(anonymous_0)
FN:31,(anonymous_1)
FN:34,(anonymous_2)
FN:43,(anonymous_3)
FN:75,render
FNF:5
FNH:5
FNDA:40,(anonymous_0)
FNDA:40,(anonymous_1)
FNDA:40,(anonymous_2)
FNDA:40,(anonymous_3)
FNDA:40,render
DA:3,1
DA:6,1
DA:7,1
DA:8,1
DA:9,1
DA:10,1
DA:11,1
DA:12,1
DA:21,40
DA:22,40
DA:23,40
DA:24,40
DA:25,40
DA:26,40
DA:27,40
DA:28,40
DA:29,40
DA:30,40
DA:31,40
DA:32,40
DA:34,40
DA:35,40
DA:36,40
DA:37,40
DA:38,36
DA:40,4
DA:43,40
DA:44,40
DA:52,40
DA:64,40
DA:68,40
DA:72,1
DA:73,1
DA:74,1
DA:76,40
DA:81,1
DA:82,1
LF:37
LH:37
BRDA:32,0,0,40
BRDA:32,0,1,20
BRDA:35,1,0,0
BRDA:35,1,1,40
BRDA:35,2,0,40
BRDA:35,2,1,1
BRDA:37,3,0,36
BRDA:37,3,1,4
BRDA:37,4,0,40
BRDA:37,4,1,4
BRDA:40,5,0,4
BRDA:40,5,1,0
BRF:12
BRH:10
end_of_record
TN:
SF:src\components\LeftNav.vue
FN:15,(anonymous_0)
FN:32,render
FNF:2
FNH:2
FNDA:1,(anonymous_0)
FNDA:1,render
DA:3,1
DA:6,1
DA:7,1
DA:16,1
DA:17,1
DA:18,1
DA:19,1
DA:23,1
DA:27,1
DA:28,1
DA:29,1
DA:30,1
DA:31,1
DA:33,1
DA:42,1
DA:43,1
LF:16
LH:16
BRF:0
BRH:0
end_of_record
TN:
SF:src\components\RightNav.vue
FN:10,(anonymous_0)
FN:14,(anonymous_1)
FN:17,(anonymous_2)
FN:31,(anonymous_3)
FN:40,(anonymous_4)
FN:84,render
FNF:6
FNH:6
FNDA:6,(anonymous_0)
FNDA:7,(anonymous_1)
FNDA:75,(anonymous_2)
FNDA:5,(anonymous_3)
FNDA:9,(anonymous_4)
FNDA:6,render
DA:3,1
DA:6,1
DA:7,1
DA:8,1
DA:11,6
DA:12,6
DA:13,6
DA:14,6
DA:15,7
DA:16,5
DA:17,5
DA:18,75
DA:19,75
DA:20,0
DA:21,0
DA:22,0
DA:24,75
DA:25,1
DA:26,1
DA:28,75
DA:31,6
DA:32,5
DA:33,2
DA:34,2
DA:35,2
DA:36,2
DA:37,2
DA:40,6
DA:41,9
DA:42,9
DA:43,5
DA:44,4
DA:45,9
DA:47,6
DA:53,6
DA:57,6
DA:61,1
DA:62,1
DA:63,1
DA:64,1
DA:65,1
DA:71,1
DA:77,1
DA:85,6
DA:107,1
DA:108,1
LF:46
LH:43
BRDA:15,0,0,2
BRDA:15,0,1,5
BRDA:18,1,0,0
BRDA:18,1,1,75
BRDA:18,2,0,75
BRDA:18,2,1,75
BRDA:18,2,2,75
BRDA:19,3,0,0
BRDA:19,3,1,75
BRDA:19,4,0,75
BRDA:19,4,1,0
BRDA:24,5,0,1
BRDA:24,5,1,74
BRDA:32,6,0,3
BRDA:32,6,1,2
BRDA:34,7,0,2
BRDA:34,7,1,0
BRDA:42,8,0,5
BRDA:42,8,1,4
BRDA:44,9,0,4
BRDA:44,9,1,0
BRF:21
BRH:16
end_of_record
TN:
SF:src\constants\constants.ts
FNF:0
FNH:0
DA:1,9
DA:2,9
DA:4,9
DA:5,9
LF:4
LH:4
BRF:0
BRH:0
end_of_record
TN:
SF:src\modules\boxPositionN.ts
FN:1,(anonymous_0)
FNF:1
FNH:1
FNDA:63,(anonymous_0)
DA:1,9
DA:2,63
LF:2
LH:2
BRF:0
BRH:0
end_of_record
TN:
SF:src\modules\findRowColIndex.ts
FN:1,(anonymous_0)
FN:5,(anonymous_1)
FNF:2
FNH:2
FNDA:47,(anonymous_0)
FNDA:167,(anonymous_1)
DA:1,9
DA:2,47
DA:5,9
DA:6,167
DA:8,84
LF:5
LH:5
BRDA:6,0,0,83
BRDA:6,0,1,84
BRF:2
BRH:2
end_of_record
TN:
SF:src\modules\floodFillFuncs.ts
FN:5,floodFill
FN:14,(anonymous_1)
FN:15,(anonymous_2)
FN:23,fill
FN:58,fillEmptyGridSpaces
FN:63,(anonymous_5)
FN:86,(anonymous_6)
FN:88,(anonymous_7)
FNF:8
FNH:7
FNDA:1,floodFill
FNDA:268,(anonymous_1)
FNDA:60,(anonymous_2)
FNDA:371,fill
FNDA:2,fillEmptyGridSpaces
FNDA:0,(anonymous_5)
FNDA:564,(anonymous_6)
FNDA:110,(anonymous_7)
DA:6,1
DA:7,1
DA:9,1
DA:11,1
DA:13,1
DA:14,268
DA:15,1
DA:16,60
DA:17,60
DA:18,60
DA:25,371
DA:28,349
DA:31,340
DA:34,340
DA:37,330
DA:39,92
DA:41,92
DA:45,92
DA:48,92
DA:51,92
DA:54,92
DA:59,2
DA:63,2
DA:64,0
DA:65,0
DA:68,2
DA:69,20
DA:70,360
DA:71,290
DA:72,290
DA:73,1770
DA:75,290
DA:76,110
DA:77,110
DA:78,110
DA:84,2
DA:86,564
DA:88,2
DA:89,110
LF:39
LH:37
BRDA:13,0,0,1
BRDA:13,0,1,0
BRDA:25,1,0,22
BRDA:25,1,1,349
BRDA:28,2,0,9
BRDA:28,2,1,340
BRDA:31,3,0,0
BRDA:31,3,1,340
BRDA:34,4,0,10
BRDA:34,4,1,330
BRDA:37,5,0,238
BRDA:37,5,1,92
BRDA:37,6,0,330
BRDA:37,6,1,92
BRDA:70,7,0,290
BRDA:70,7,1,70
BRDA:72,8,0,2060
BRDA:72,8,1,1900
BRDA:75,9,0,110
BRDA:75,9,1,180
BRF:20
BRH:18
end_of_record
TN:
SF:src\modules\generateInitialGrid.ts
FN:5,(anonymous_0)
FN:6,(anonymous_1)
FNF:2
FNH:2
FNDA:65,(anonymous_0)
FNDA:1300,(anonymous_1)
DA:5,9
DA:6,1300
DA:8,65
DA:9,1300
DA:10,13000
DA:11,1300
DA:12,1300
DA:16,65
LF:8
LH:8
BRDA:10,0,0,1300
BRDA:10,0,1,11700
BRF:2
BRH:2
end_of_record
TN:
SF:src\modules\generateNewLine.ts
FN:4,(anonymous_0)
FN:5,(anonymous_1)
FNF:2
FNH:2
FNDA:39,(anonymous_0)
FNDA:390,(anonymous_1)
DA:4,9
DA:5,39
DA:6,390
DA:7,390
DA:9,39
LF:5
LH:5
BRF:0
BRH:0
end_of_record
TN:
SF:src\modules\randomColor.ts
FN:4,(anonymous_0)
FNF:1
FNH:1
FNDA:1711,(anonymous_0)
DA:4,9
DA:5,1711
DA:6,1711
DA:8,1711
LF:4
LH:4
BRF:0
BRH:0
end_of_record
TN:
SF:src\modules\timeouts.ts
FN:4,(anonymous_0)
FN:12,(anonymous_1)
FN:13,(anonymous_2)
FN:15,(anonymous_3)
FNF:4
FNH:4
FNDA:1,(anonymous_0)
FNDA:2,(anonymous_1)
FNDA:2,(anonymous_2)
FNDA:1,(anonymous_3)
DA:4,9
DA:5,1
DA:6,1
DA:8,1
DA:9,1
DA:12,9
DA:13,2
DA:14,2
DA:15,2
DA:16,1
DA:17,1
DA:18,1
DA:19,1
DA:22,2
DA:24,0
LF:15
LH:14
BRDA:5,0,0,1
BRDA:5,0,1,1
BRDA:8,1,0,1
BRDA:8,1,1,0
BRF:4
BRH:3
end_of_record
TN:
SF:src\stores\appStateStore.ts
FN:9,(anonymous_0)
FN:31,(anonymous_1)
FN:42,(anonymous_2)
FN:45,(anonymous_3)
FN:57,(anonymous_4)
FN:59,(anonymous_5)
FN:71,(anonymous_6)
FN:110,(anonymous_7)
FN:113,(anonymous_8)
FN:114,(anonymous_9)
FN:115,(anonymous_10)
FN:121,(anonymous_11)
FNF:12
FNH:8
FNDA:65,(anonymous_0)
FNDA:1,(anonymous_1)
FNDA:2,(anonymous_2)
FNDA:42,(anonymous_3)
FNDA:4,(anonymous_4)
FNDA:0,(anonymous_5)
FNDA:3,(anonymous_6)
FNDA:20,(anonymous_7)
FNDA:0,(anonymous_8)
FNDA:0,(anonymous_9)
FNDA:0,(anonymous_10)
FNDA:19,(anonymous_11)
DA:8,5
DA:9,65
DA:32,1
DA:33,0
DA:34,0
DA:35,0
DA:36,0
DA:37,0
DA:43,2
DA:46,42
DA:50,22
DA:52,20
DA:54,20
DA:55,20
DA:58,4
DA:59,72
DA:61,72
DA:62,68
DA:64,4
DA:65,4
DA:66,4
DA:67,4
DA:72,3
DA:74,4
DA:75,0
DA:76,0
DA:79,4
DA:80,1
DA:81,0
DA:82,0
DA:84,1
DA:85,1
DA:87,1
DA:89,4
DA:91,3
DA:93,2
DA:94,2
DA:96,2
DA:97,2
DA:101,3
DA:103,3
DA:104,3
DA:105,3
DA:107,3
DA:111,20
DA:113,19
DA:114,19
DA:115,19
DA:117,19
DA:118,19
DA:119,19
DA:121,19
DA:123,19
DA:124,19
LF:54
LH:45
BRDA:32,0,0,1
BRDA:32,0,1,0
BRDA:46,1,0,22
BRDA:46,1,1,20
BRDA:47,2,0,42
BRDA:47,2,1,21
BRDA:47,2,2,32
BRDA:47,2,3,21
BRDA:54,3,0,9
BRDA:54,3,1,11
BRDA:59,4,0,0
BRDA:59,4,1,72
BRDA:59,5,0,0
BRDA:59,5,1,0
BRDA:61,6,0,68
BRDA:61,6,1,4
BRDA:74,7,0,0
BRDA:74,7,1,4
BRDA:74,8,0,4
BRDA:74,8,1,0
BRDA:79,9,0,1
BRDA:79,9,1,3
BRDA:80,10,0,0
BRDA:80,10,1,1
BRDA:89,11,0,1
BRDA:89,11,1,3
BRDA:91,12,0,2
BRDA:91,12,1,1
BRDA:101,13,0,2
BRDA:101,13,1,1
BRDA:103,14,0,3
BRDA:103,14,1,0
BRDA:111,15,0,1
BRDA:111,15,1,19
BRDA:113,16,0,0
BRDA:113,16,1,19
BRDA:114,17,0,0
BRDA:114,17,1,19
BRDA:115,18,0,0
BRDA:115,18,1,19
BRDA:123,19,0,19
BRDA:123,19,1,0
BRDA:124,20,0,1
BRDA:124,20,1,18
BRF:44
BRH:32
end_of_record
